2006.01.15 20:55 B C:\SU\CSE687\Code\Project1HelpS06\Executive\app.ico --> ftp.ecs.syr.edu /faculty/fawcett/handouts/CSE687/code/Project1HelpS06/Executive app.ico
2006.01.15 20:55 B C:\SU\CSE687\Code\Project1HelpS06\Executive\app.rc --> ftp.ecs.syr.edu /faculty/fawcett/handouts/CSE687/code/Project1HelpS06/Executive app.rc
2006.01.15 20:55 B C:\SU\CSE687\Code\Project1HelpS06\Executive\AssemblyInfo.cpp --> ftp.ecs.syr.edu /faculty/fawcett/handouts/CSE687/code/Project1HelpS06/Executive AssemblyInfo.cpp
2006.01.15 20:55 B C:\SU\CSE687\Code\Project1HelpS06\Executive\Executive.cpp --> ftp.ecs.syr.edu /faculty/fawcett/handouts/CSE687/code/Project1HelpS06/Executive Executive.cpp
2006.01.15 20:55 B C:\SU\CSE687\Code\Project1HelpS06\Executive\Executive.vcproj --> ftp.ecs.syr.edu /faculty/fawcett/handouts/CSE687/code/Project1HelpS06/Executive Executive.vcproj
2006.01.15 20:55 B C:\SU\CSE687\Code\Project1HelpS06\Executive\Executive.vcproj.COLUMBIA.Administrator.user --> ftp.ecs.syr.edu /faculty/fawcett/handouts/CSE687/code/Project1HelpS06/Executive Executive.vcproj.COLUMBIA.Administrator.user
2006.01.15 20:55 B C:\SU\CSE687\Code\Project1HelpS06\Executive\Form1.h --> ftp.ecs.syr.edu /faculty/fawcett/handouts/CSE687/code/Project1HelpS06/Executive Form1.h
2006.01.15 20:55 B C:\SU\CSE687\Code\Project1HelpS06\Executive\Form1.resx --> ftp.ecs.syr.edu /faculty/fawcett/handouts/CSE687/code/Project1HelpS06/Executive Form1.resx
2006.01.15 20:55 B C:\SU\CSE687\Code\Project1HelpS06\Executive\FormRun1.doc --> ftp.ecs.syr.edu /faculty/fawcett/handouts/CSE687/code/Project1HelpS06/Executive FormRun1.doc
2006.01.15 20:55 B C:\SU\CSE687\Code\Project1HelpS06\Executive\ReadMe.txt --> ftp.ecs.syr.edu /faculty/fawcett/handouts/CSE687/code/Project1HelpS06/Executive ReadMe.txt
2006.01.15 20:55 B C:\SU\CSE687\Code\Project1HelpS06\Executive\resource.h --> ftp.ecs.syr.edu /faculty/fawcett/handouts/CSE687/code/Project1HelpS06/Executive resource.h
2006.01.15 20:55 B C:\SU\CSE687\Code\Project1HelpS06\Executive\stdafx.cpp --> ftp.ecs.syr.edu /faculty/fawcett/handouts/CSE687/code/Project1HelpS06/Executive stdafx.cpp
2006.01.15 20:55 B C:\SU\CSE687\Code\Project1HelpS06\Executive\stdafx.h --> ftp.ecs.syr.edu /faculty/fawcett/handouts/CSE687/code/Project1HelpS06/Executive stdafx.h
2006.01.15 20:58 B C:\SU\CSE687\Code\Project1HelpS06\Executive\WS_FTP.LOG --> ftp.ecs.syr.edu /faculty/fawcett/handouts/CSE687/code/Project1HelpS06/Executive WS_FTP.LOG
2006.01.17 21:09 B C:\SU\CSE687\Code\Parser\Executive\anal.dat --> ftp.ecs.syr.edu /faculty/fawcett/handouts/CSE687/code/Parser/Executive anal.dat
2006.01.17 21:09 B C:\SU\CSE687\Code\Parser\Executive\app.ico --> ftp.ecs.syr.edu /faculty/fawcett/handouts/CSE687/code/Parser/Executive app.ico
2006.01.17 21:09 B C:\SU\CSE687\Code\Parser\Executive\app.rc --> ftp.ecs.syr.edu /faculty/fawcett/handouts/CSE687/code/Parser/Executive app.rc
2006.01.17 21:09 B C:\SU\CSE687\Code\Parser\Executive\AssemblyInfo.cpp --> ftp.ecs.syr.edu /faculty/fawcett/handouts/CSE687/code/Parser/Executive AssemblyInfo.cpp
2006.01.17 21:09 B C:\SU\CSE687\Code\Parser\Executive\Executive.cpp --> ftp.ecs.syr.edu /faculty/fawcett/handouts/CSE687/code/Parser/Executive Executive.cpp
2006.01.17 21:09 B C:\SU\CSE687\Code\Parser\Executive\Executive.vcproj --> ftp.ecs.syr.edu /faculty/fawcett/handouts/CSE687/code/Parser/Executive Executive.vcproj
2006.01.17 21:09 B C:\SU\CSE687\Code\Parser\Executive\Executive.vcproj.COLUMBIA.Administrator.user --> ftp.ecs.syr.edu /faculty/fawcett/handouts/CSE687/code/Parser/Executive Executive.vcproj.COLUMBIA.Administrator.user
2006.01.17 21:09 B C:\SU\CSE687\Code\Parser\Executive\Form1.h --> ftp.ecs.syr.edu /faculty/fawcett/handouts/CSE687/code/Parser/Executive Form1.h
2006.01.17 21:09 B C:\SU\CSE687\Code\Parser\Executive\Form1.resx --> ftp.ecs.syr.edu /faculty/fawcett/handouts/CSE687/code/Parser/Executive Form1.resx
2006.01.17 21:09 B C:\SU\CSE687\Code\Parser\Executive\FormRun1.doc --> ftp.ecs.syr.edu /faculty/fawcett/handouts/CSE687/code/Parser/Executive FormRun1.doc
2006.01.17 21:09 B C:\SU\CSE687\Code\Parser\Executive\ReadMe.txt --> ftp.ecs.syr.edu /faculty/fawcett/handouts/CSE687/code/Parser/Executive ReadMe.txt
2006.01.17 21:09 B C:\SU\CSE687\Code\Parser\Executive\resource.h --> ftp.ecs.syr.edu /faculty/fawcett/handouts/CSE687/code/Parser/Executive resource.h
2006.01.17 21:09 B C:\SU\CSE687\Code\Parser\Executive\stdafx.cpp --> ftp.ecs.syr.edu /faculty/fawcett/handouts/CSE687/code/Parser/Executive stdafx.cpp
2006.01.17 21:09 B C:\SU\CSE687\Code\Parser\Executive\stdafx.h --> ftp.ecs.syr.edu /faculty/fawcett/handouts/CSE687/code/Parser/Executive stdafx.h
2006.01.17 21:09 B C:\SU\CSE687\Code\Parser\Executive\WS_FTP.LOG --> ftp.ecs.syr.edu /faculty/fawcett/handouts/CSE687/code/Parser/Executive WS_FTP.LOG
2006.02.01 08:46 B C:\SU\CSE687\Code\Parser\Executive\anal.dat --> ftp.ecs.syr.edu /faculty/fawcett/handouts/CSE687/code/Parser/Executive anal.dat
2006.02.01 08:46 B C:\SU\CSE687\Code\Parser\Executive\app.ico --> ftp.ecs.syr.edu /faculty/fawcett/handouts/CSE687/code/Parser/Executive app.ico
2006.02.01 08:46 B C:\SU\CSE687\Code\Parser\Executive\app.rc --> ftp.ecs.syr.edu /faculty/fawcett/handouts/CSE687/code/Parser/Executive app.rc
2006.02.01 08:46 B C:\SU\CSE687\Code\Parser\Executive\AssemblyInfo.cpp --> ftp.ecs.syr.edu /faculty/fawcett/handouts/CSE687/code/Parser/Executive AssemblyInfo.cpp
2006.02.01 08:46 B C:\SU\CSE687\Code\Parser\Executive\Executive.cpp --> ftp.ecs.syr.edu /faculty/fawcett/handouts/CSE687/code/Parser/Executive Executive.cpp
2006.02.01 08:46 B C:\SU\CSE687\Code\Parser\Executive\Executive.vcproj --> ftp.ecs.syr.edu /faculty/fawcett/handouts/CSE687/code/Parser/Executive Executive.vcproj
2006.02.01 08:46 B C:\SU\CSE687\Code\Parser\Executive\Executive.vcproj.COLUMBIA.Administrator.user --> ftp.ecs.syr.edu /faculty/fawcett/handouts/CSE687/code/Parser/Executive Executive.vcproj.COLUMBIA.Administrator.user
2006.02.01 08:46 B C:\SU\CSE687\Code\Parser\Executive\Form1.h --> ftp.ecs.syr.edu /faculty/fawcett/handouts/CSE687/code/Parser/Executive Form1.h
2006.02.01 08:46 B C:\SU\CSE687\Code\Parser\Executive\Form1.resx --> ftp.ecs.syr.edu /faculty/fawcett/handouts/CSE687/code/Parser/Executive Form1.resx
2006.02.01 08:46 B C:\SU\CSE687\Code\Parser\Executive\FormRun1.doc --> ftp.ecs.syr.edu /faculty/fawcett/handouts/CSE687/code/Parser/Executive FormRun1.doc
2006.02.01 08:46 B C:\SU\CSE687\Code\Parser\Executive\ReadMe.txt --> ftp.ecs.syr.edu /faculty/fawcett/handouts/CSE687/code/Parser/Executive ReadMe.txt
2006.02.01 08:46 B C:\SU\CSE687\Code\Parser\Executive\resource.h --> ftp.ecs.syr.edu /faculty/fawcett/handouts/CSE687/code/Parser/Executive resource.h
2006.02.01 08:46 B C:\SU\CSE687\Code\Parser\Executive\stdafx.cpp --> ftp.ecs.syr.edu /faculty/fawcett/handouts/CSE687/code/Parser/Executive stdafx.cpp
2006.02.01 08:46 B C:\SU\CSE687\Code\Parser\Executive\stdafx.h --> ftp.ecs.syr.edu /faculty/fawcett/handouts/CSE687/code/Parser/Executive stdafx.h
2006.02.01 08:46 B C:\SU\CSE687\Code\Parser\Executive\WS_FTP.LOG --> ftp.ecs.syr.edu /faculty/fawcett/handouts/CSE687/code/Parser/Executive WS_FTP.LOG
2006.02.06 10:34 B C:\SU\CSE687\Code\Parser\Executive\Executive.vcproj --> ftp.ecs.syr.edu /faculty/fawcett/handouts/CSE687/code/Parser/Executive Executive.vcproj
2006.02.06 10:34 B C:\SU\CSE687\Code\Parser\Executive\Executive.vcproj.COLUMBIA.Administrator.user --> ftp.ecs.syr.edu /faculty/fawcett/handouts/CSE687/code/Parser/Executive Executive.vcproj.COLUMBIA.Administrator.user
2006.02.06 10:37 B C:\SU\CSE687\Code\Parser\Executive\WS_FTP.LOG --> ftp.ecs.syr.edu /faculty/fawcett/handouts/CSE687/code/Parser/Executive WS_FTP.LOG
2006.02.06 10:47 B C:\SU\CSE687\Code\Parser\Executive\Executive.vcproj --> ftp.ecs.syr.edu /faculty/fawcett/handouts/CSE687/code/Project1HelpS06/Executive Executive.vcproj
2006.02.06 10:47 B C:\SU\CSE687\Code\Parser\Executive\Executive.vcproj.COLUMBIA.Administrator.user --> ftp.ecs.syr.edu /faculty/fawcett/handouts/CSE687/code/Project1HelpS06/Executive Executive.vcproj.COLUMBIA.Administrator.user
2006.02.06 10:47 B C:\SU\CSE687\Code\Parser\Executive\WS_FTP.LOG --> ftp.ecs.syr.edu /faculty/fawcett/handouts/CSE687/code/Project1HelpS06/Executive WS_FTP.LOG
2006.02.10 04:23 B C:\SU\CSE687\Code\Parser\Executive\Executive.vcproj.COLUMBIA.Administrator.user --> ftp.ecs.syr.edu /faculty/fawcett/handouts/CSE687/code/Parser/Executive Executive.vcproj.COLUMBIA.Administrator.user
2006.02.10 04:23 B C:\SU\CSE687\Code\Parser\Executive\WS_FTP.LOG --> ftp.ecs.syr.edu /faculty/fawcett/handouts/CSE687/code/Parser/Executive WS_FTP.LOG
2006.02.10 04:35 B C:\SU\CSE687\Code\Parser\Executive\Executive.vcproj.COLUMBIA.Administrator.user --> ftp.ecs.syr.edu /faculty/fawcett/handouts/CSE687/code/Project1HelpS06/Executive Executive.vcproj.COLUMBIA.Administrator.user
2006.02.10 04:35 B C:\SU\CSE687\Code\Parser\Executive\WS_FTP.LOG --> ftp.ecs.syr.edu /faculty/fawcett/handouts/CSE687/code/Project1HelpS06/Executive WS_FTP.LOG
2006.02.26 20:54 B C:\SU\CSE687\Code\Parser\Executive\Executive.vcproj.COLUMBIA.Administrator.user --> ftp.ecs.syr.edu /faculty/fawcett/handouts/CSE687/code/Parser/Executive Executive.vcproj.COLUMBIA.Administrator.user
2006.02.26 20:54 B C:\SU\CSE687\Code\Parser\Executive\WS_FTP.LOG --> ftp.ecs.syr.edu /faculty/fawcett/handouts/CSE687/code/Parser/Executive WS_FTP.LOG
2006.02.28 09:34 B C:\SU\CSE687\Code\Parser\Executive\Executive.vcproj.COLUMBIA.Administrator.user --> ftp.ecs.syr.edu /faculty/fawcett/handouts/CSE687/code/Parser/Executive Executive.vcproj.COLUMBIA.Administrator.user
2006.07.02 06:36 B C:\SU\CSE687\Code\Parser\Executive\anal.dat --> ftp.ecs.syr.edu /faculty/fawcett/handouts/CSE776/Presentations/Strategy/Code/Parser/Executive anal.dat
2006.07.02 06:36 B C:\SU\CSE687\Code\Parser\Executive\app.ico --> ftp.ecs.syr.edu /faculty/fawcett/handouts/CSE776/Presentations/Strategy/Code/Parser/Executive app.ico
2006.07.02 06:36 B C:\SU\CSE687\Code\Parser\Executive\app.rc --> ftp.ecs.syr.edu /faculty/fawcett/handouts/CSE776/Presentations/Strategy/Code/Parser/Executive app.rc
2006.07.02 06:36 B C:\SU\CSE687\Code\Parser\Executive\AssemblyInfo.cpp --> ftp.ecs.syr.edu /faculty/fawcett/handouts/CSE776/Presentations/Strategy/Code/Parser/Executive AssemblyInfo.cpp
2006.07.02 06:36 B C:\SU\CSE687\Code\Parser\Executive\Executive.cpp --> ftp.ecs.syr.edu /faculty/fawcett/handouts/CSE776/Presentations/Strategy/Code/Parser/Executive Executive.cpp
2006.07.02 06:36 B C:\SU\CSE687\Code\Parser\Executive\Executive.vcproj --> ftp.ecs.syr.edu /faculty/fawcett/handouts/CSE776/Presentations/Strategy/Code/Parser/Executive Executive.vcproj
2006.07.02 06:36 B C:\SU\CSE687\Code\Parser\Executive\Executive.vcproj.COLUMBIA.Administrator.user --> ftp.ecs.syr.edu /faculty/fawcett/handouts/CSE776/Presentations/Strategy/Code/Parser/Executive Executive.vcproj.COLUMBIA.Administrator.user
2006.07.02 06:36 B C:\SU\CSE687\Code\Parser\Executive\Form1.h --> ftp.ecs.syr.edu /faculty/fawcett/handouts/CSE776/Presentations/Strategy/Code/Parser/Executive Form1.h
2006.07.02 06:36 B C:\SU\CSE687\Code\Parser\Executive\Form1.resx --> ftp.ecs.syr.edu /faculty/fawcett/handouts/CSE776/Presentations/Strategy/Code/Parser/Executive Form1.resx
2006.07.02 06:36 B C:\SU\CSE687\Code\Parser\Executive\FormRun1.doc --> ftp.ecs.syr.edu /faculty/fawcett/handouts/CSE776/Presentations/Strategy/Code/Parser/Executive FormRun1.doc
2006.07.02 06:36 B C:\SU\CSE687\Code\Parser\Executive\ReadMe.txt --> ftp.ecs.syr.edu /faculty/fawcett/handouts/CSE776/Presentations/Strategy/Code/Parser/Executive ReadMe.txt
2006.07.02 06:36 B C:\SU\CSE687\Code\Parser\Executive\resource.h --> ftp.ecs.syr.edu /faculty/fawcett/handouts/CSE776/Presentations/Strategy/Code/Parser/Executive resource.h
2006.07.02 06:36 B C:\SU\CSE687\Code\Parser\Executive\stdafx.cpp --> ftp.ecs.syr.edu /faculty/fawcett/handouts/CSE776/Presentations/Strategy/Code/Parser/Executive stdafx.cpp
2006.07.02 06:36 B C:\SU\CSE687\Code\Parser\Executive\stdafx.h --> ftp.ecs.syr.edu /faculty/fawcett/handouts/CSE776/Presentations/Strategy/Code/Parser/Executive stdafx.h
2006.07.02 06:36 B C:\SU\CSE687\Code\Parser\Executive\WS_FTP.LOG --> ftp.ecs.syr.edu /faculty/fawcett/handouts/CSE776/Presentations/Strategy/Code/Parser/Executive WS_FTP.LOG
2007.02.04 20:51 B C:\SU\CSE687\Code\Parser\Executive\Executive.vcproj.COLUMBIA.Administrator.user --> ftp.ecs.syr.edu /faculty/fawcett/handouts/CSE687/code/Parser/Executive Executive.vcproj.COLUMBIA.Administrator.user
2007.02.04 20:51 B C:\SU\CSE687\Code\Parser\Executive\WS_FTP.LOG --> ftp.ecs.syr.edu /faculty/fawcett/handouts/CSE687/code/Parser/Executive WS_FTP.LOG
2007.02.10 16:19 B C:\SU\CSE687\Code\Parser\Executive\Executive.vcproj.COLUMBIA.Administrator.user --> ftp.ecs.syr.edu /faculty/fawcett/handouts/CSE687/code/Parser/Executive Executive.vcproj.COLUMBIA.Administrator.user
