2004.03.24 09:57 B C:\SU\CSE687\Code\STL\findfiles\Debug\BuildLog.htm --> ftp.ecs.syr.edu /faculty/fawcett/handouts/CSE687/code/STL/findfiles/Debug BuildLog.htm
2004.03.24 09:57 B C:\SU\CSE687\Code\STL\findfiles\Debug\findfiles.exe --> ftp.ecs.syr.edu /faculty/fawcett/handouts/CSE687/code/STL/findfiles/Debug findfiles.exe
2004.03.24 09:58 B C:\SU\CSE687\Code\STL\findfiles\Debug\findfiles.ilk --> ftp.ecs.syr.edu /faculty/fawcett/handouts/CSE687/code/STL/findfiles/Debug findfiles.ilk
2004.03.24 09:58 B C:\SU\CSE687\Code\STL\findfiles\Debug\findfiles.obj --> ftp.ecs.syr.edu /faculty/fawcett/handouts/CSE687/code/STL/findfiles/Debug findfiles.obj
2004.03.24 10:01 B C:\SU\CSE687\Code\STL\findfiles\Debug\findfiles.pch --> ftp.ecs.syr.edu /faculty/fawcett/handouts/CSE687/code/STL/findfiles/Debug findfiles.pch
2004.03.24 10:02 B C:\SU\CSE687\Code\STL\findfiles\Debug\findfiles.pdb --> ftp.ecs.syr.edu /faculty/fawcett/handouts/CSE687/code/STL/findfiles/Debug findfiles.pdb
2004.03.24 10:02 B C:\SU\CSE687\Code\STL\findfiles\Debug\vc70.idb --> ftp.ecs.syr.edu /faculty/fawcett/handouts/CSE687/code/STL/findfiles/Debug vc70.idb
2004.03.24 10:02 B C:\SU\CSE687\Code\STL\findfiles\Debug\vc70.pdb --> ftp.ecs.syr.edu /faculty/fawcett/handouts/CSE687/code/STL/findfiles/Debug vc70.pdb
2005.03.21 09:56 B C:\SU\CSE687\Code\STL\findfiles\Debug\BuildLog.htm --> ftp.ecs.syr.edu /faculty/fawcett/handouts/CSE687/code/STL/findfiles/Debug BuildLog.htm
2005.03.21 09:57 B C:\SU\CSE687\Code\STL\findfiles\Debug\findfiles.exe --> ftp.ecs.syr.edu /faculty/fawcett/handouts/CSE687/code/STL/findfiles/Debug findfiles.exe
2005.03.21 09:57 B C:\SU\CSE687\Code\STL\findfiles\Debug\findfiles.ilk --> ftp.ecs.syr.edu /faculty/fawcett/handouts/CSE687/code/STL/findfiles/Debug findfiles.ilk
2005.03.21 09:57 B C:\SU\CSE687\Code\STL\findfiles\Debug\findfiles.obj --> ftp.ecs.syr.edu /faculty/fawcett/handouts/CSE687/code/STL/findfiles/Debug findfiles.obj
2005.03.21 10:00 B C:\SU\CSE687\Code\STL\findfiles\Debug\findfiles.pch --> ftp.ecs.syr.edu /faculty/fawcett/handouts/CSE687/code/STL/findfiles/Debug findfiles.pch
2005.03.21 10:01 B C:\SU\CSE687\Code\STL\findfiles\Debug\findfiles.pdb --> ftp.ecs.syr.edu /faculty/fawcett/handouts/CSE687/code/STL/findfiles/Debug findfiles.pdb
2005.03.21 10:01 B C:\SU\CSE687\Code\STL\findfiles\Debug\vc70.idb --> ftp.ecs.syr.edu /faculty/fawcett/handouts/CSE687/code/STL/findfiles/Debug vc70.idb
2005.03.21 10:01 B C:\SU\CSE687\Code\STL\findfiles\Debug\vc70.pdb --> ftp.ecs.syr.edu /faculty/fawcett/handouts/CSE687/code/STL/findfiles/Debug vc70.pdb
2005.03.21 10:01 B C:\SU\CSE687\Code\STL\findfiles\Debug\WS_FTP.LOG --> ftp.ecs.syr.edu /faculty/fawcett/handouts/CSE687/code/STL/findfiles/Debug WS_FTP.LOG
2005.03.28 08:16 B C:\SU\CSE687\Code\STL\findfiles\Debug\WS_FTP.LOG --> ftp.ecs.syr.edu /faculty/fawcett/handouts/CSE687/code/STL/findfiles/Debug WS_FTP.LOG
2005.03.28 11:39 B C:\SU\CSE687\Code\STL\findfiles\Debug\WS_FTP.LOG --> ftp.ecs.syr.edu /faculty/fawcett/handouts/CSE687/code/STL/findfiles/Debug WS_FTP.LOG
2005.03.30 11:46 B C:\SU\CSE687\Code\STL\findfiles\Debug\WS_FTP.LOG --> ftp.ecs.syr.edu /faculty/fawcett/handouts/CSE687/code/STL/findfiles/Debug WS_FTP.LOG
2006.03.29 05:55 B C:\SU\CSE687\Code\STL\findfiles\Debug\WS_FTP.LOG --> ftp.ecs.syr.edu /faculty/fawcett/handouts/CSE687/code/STL/findfiles/Debug WS_FTP.LOG
2006.03.29 05:55 B C:\SU\CSE687\Code\STL\findfiles\Debug\findfiles.exe --> ftp.ecs.syr.edu /faculty/fawcett/handouts/CSE687/code/STL/findfiles/Debug findfiles.exe
2006.03.29 05:55 B C:\SU\CSE687\Code\STL\findfiles\Debug\BuildLog.htm --> ftp.ecs.syr.edu /faculty/fawcett/handouts/CSE687/code/STL/findfiles/Debug BuildLog.htm
