Build started 2/2/2011 11:49:43 AM.
     1>Project "C:\Users\Ider\Project\SU\CSE686-IP\Project1HelpSp11\Executive\Executive.vcxproj" on node 2 (build target(s)).
     1>InitializeBuildStatus:
         Creating "Debug\Executive.unsuccessfulbuild" because "AlwaysCreate" was specified.
       GenerateTargetFrameworkMonikerAttribute:
       Skipping target "GenerateTargetFrameworkMonikerAttribute" because all output files are up-to-date with respect to the input files.
       ClCompile:
         All outputs are up-to-date.
         All outputs are up-to-date.
         All outputs are up-to-date.
       CoreResGen:
         All outputs are up-to-date.
       ResourceCompile:
         All outputs are up-to-date.
       Link:
         All outputs are up-to-date.
         Executive.vcxproj -> C:\Users\Ider\Project\SU\CSE686-IP\Project1HelpSp11\Debug\Executive.exe
       FinalizeBuildStatus:
         Deleting file "Debug\Executive.unsuccessfulbuild".
         Touching "Debug\Executive.lastbuildstate".
     1>Done Building Project "C:\Users\Ider\Project\SU\CSE686-IP\Project1HelpSp11\Executive\Executive.vcxproj" (build target(s)).

Build succeeded.

Time Elapsed 00:00:00.46
