2004.03.21 20:03 B C:\SU\CSE687\Code\STL\algorithms\Algo3\ALGO3.CPP --> ftp.ecs.syr.edu /faculty/fawcett/handouts/CSE687/code/STL/algorithms/Algo3 ALGO3.CPP
2004.03.21 20:03 B C:\SU\CSE687\Code\STL\algorithms\Algo3\Algo3.vcproj --> ftp.ecs.syr.edu /faculty/fawcett/handouts/CSE687/code/STL/algorithms/Algo3 Algo3.vcproj
2004.03.24 09:57 B C:\SU\CSE687\Code\STL\algorithms\Algo3\algo3.dat --> ftp.ecs.syr.edu /faculty/fawcett/handouts/CSE687/code/STL/algorithms/Algo3 algo3.dat
2004.03.24 09:57 B C:\SU\CSE687\Code\STL\algorithms\Algo3\algo3.exe --> ftp.ecs.syr.edu /faculty/fawcett/handouts/CSE687/code/STL/algorithms/Algo3 algo3.exe
2004.03.24 09:57 B C:\SU\CSE687\Code\STL\algorithms\Algo3\algo3.obj --> ftp.ecs.syr.edu /faculty/fawcett/handouts/CSE687/code/STL/algorithms/Algo3 algo3.obj
2004.03.24 09:57 B C:\SU\CSE687\Code\STL\algorithms\Algo3\algo3.prn --> ftp.ecs.syr.edu /faculty/fawcett/handouts/CSE687/code/STL/algorithms/Algo3 algo3.prn
2004.03.24 09:57 B C:\SU\CSE687\Code\STL\algorithms\Algo3\ff --> ftp.ecs.syr.edu /faculty/fawcett/handouts/CSE687/code/STL/algorithms/Algo3 ff
2004.03.24 09:57 B C:\SU\CSE687\Code\STL\algorithms\Algo3\WS_FTP.LOG --> ftp.ecs.syr.edu /faculty/fawcett/handouts/CSE687/code/STL/algorithms/Algo3 WS_FTP.LOG
2005.03.21 09:56 B C:\SU\CSE687\Code\STL\algorithms\Algo3\algo3.exe --> ftp.ecs.syr.edu /faculty/fawcett/handouts/CSE687/code/STL/algorithms/Algo3 algo3.exe
2005.03.21 09:56 B C:\SU\CSE687\Code\STL\algorithms\Algo3\algo3.obj --> ftp.ecs.syr.edu /faculty/fawcett/handouts/CSE687/code/STL/algorithms/Algo3 algo3.obj
2005.03.21 09:56 B C:\SU\CSE687\Code\STL\algorithms\Algo3\ff --> ftp.ecs.syr.edu /faculty/fawcett/handouts/CSE687/code/STL/algorithms/Algo3 ff
2005.03.21 09:56 B C:\SU\CSE687\Code\STL\algorithms\Algo3\WS_FTP.LOG --> ftp.ecs.syr.edu /faculty/fawcett/handouts/CSE687/code/STL/algorithms/Algo3 WS_FTP.LOG
2005.03.28 08:15 B C:\SU\CSE687\Code\STL\algorithms\Algo3\WS_FTP.LOG --> ftp.ecs.syr.edu /faculty/fawcett/handouts/CSE687/code/STL/algorithms/Algo3 WS_FTP.LOG
2005.03.28 11:39 B C:\SU\CSE687\Code\STL\algorithms\Algo3\WS_FTP.LOG --> ftp.ecs.syr.edu /faculty/fawcett/handouts/CSE687/code/STL/algorithms/Algo3 WS_FTP.LOG
2005.03.30 11:46 B C:\SU\CSE687\Code\STL\algorithms\Algo3\WS_FTP.LOG --> ftp.ecs.syr.edu /faculty/fawcett/handouts/CSE687/code/STL/algorithms/Algo3 WS_FTP.LOG
2006.03.29 05:57 B C:\SU\CSE687\Code\STL\algorithms\Algo3\WS_FTP.LOG --> ftp.ecs.syr.edu /faculty/fawcett/handouts/CSE687/code/STL/algorithms/Algo3 WS_FTP.LOG
2006.03.29 05:57 B C:\SU\CSE687\Code\STL\algorithms\Algo3\ff --> ftp.ecs.syr.edu /faculty/fawcett/handouts/CSE687/code/STL/algorithms/Algo3 ff
2006.03.29 05:57 B C:\SU\CSE687\Code\STL\algorithms\Algo3\algo3.prn --> ftp.ecs.syr.edu /faculty/fawcett/handouts/CSE687/code/STL/algorithms/Algo3 algo3.prn
2006.03.29 05:58 B C:\SU\CSE687\Code\STL\algorithms\Algo3\algo3.exe --> ftp.ecs.syr.edu /faculty/fawcett/handouts/CSE687/code/STL/algorithms/Algo3 algo3.exe
2006.03.29 05:58 B C:\SU\CSE687\Code\STL\algorithms\Algo3\algo3.dat --> ftp.ecs.syr.edu /faculty/fawcett/handouts/CSE687/code/STL/algorithms/Algo3 algo3.dat
2006.03.29 05:58 B C:\SU\CSE687\Code\STL\algorithms\Algo3\Algo3.vcproj --> ftp.ecs.syr.edu /faculty/fawcett/handouts/CSE687/code/STL/algorithms/Algo3 Algo3.vcproj
2006.03.29 05:58 B C:\SU\CSE687\Code\STL\algorithms\Algo3\ALGO3.CPP --> ftp.ecs.syr.edu /faculty/fawcett/handouts/CSE687/code/STL/algorithms/Algo3 ALGO3.CPP
