2004.01.27 17:04 B C:\SU\CSE687\Code\STR\Debug\BuildLog.htm --> ftp.ecs.syr.edu /faculty/fawcett/handouts/CSE687/code/STR/Debug BuildLog.htm
2004.01.27 17:22 B C:\SU\CSE687\Code\STR\Debug\WS_FTP.LOG --> ftp.ecs.syr.edu /faculty/fawcett/handouts/CSE687/code/STR/Debug WS_FTP.LOG
2004.01.29 15:29 B C:\SU\CSE687\Code\STR\Debug\BuildLog.htm --> ftp.ecs.syr.edu /faculty/fawcett/handouts/CSE687/code/STR/Debug BuildLog.htm
2004.01.29 15:29 B C:\SU\CSE687\Code\STR\Debug\WS_FTP.LOG --> ftp.ecs.syr.edu /faculty/fawcett/handouts/CSE687/code/STR/Debug WS_FTP.LOG
2004.01.29 15:30 B C:\SU\CSE687\Code\STR\Debug\BuildLog.htm --> ftp.ecs.syr.edu /faculty/fawcett/handouts/CSE687/code/STR/Debug BuildLog.htm
2004.01.29 15:30 B C:\SU\CSE687\Code\STR\Debug\WS_FTP.LOG --> ftp.ecs.syr.edu /faculty/fawcett/handouts/CSE687/code/STR/Debug WS_FTP.LOG
2005.02.01 08:07 B C:\SU\CSE687\Code\STR\Debug\BuildLog.htm --> ftp.ecs.syr.edu /faculty/fawcett/handouts/CSE687/code/STR/Debug BuildLog.htm
2005.02.01 08:07 B C:\SU\CSE687\Code\STR\Debug\WS_FTP.LOG --> ftp.ecs.syr.edu /faculty/fawcett/handouts/CSE687/code/STR/Debug WS_FTP.LOG
2005.02.01 09:38 B C:\SU\CSE687\Code\STR\Debug\BuildLog.htm --> ftp.ecs.syr.edu /faculty/fawcett/handouts/CSE687/code/STR/Debug BuildLog.htm
2005.02.01 09:38 B C:\SU\CSE687\Code\STR\Debug\WS_FTP.LOG --> ftp.ecs.syr.edu /faculty/fawcett/handouts/CSE687/code/STR/Debug WS_FTP.LOG
2005.02.03 08:51 B C:\SU\CSE687\Code\STR\Debug\BuildLog.htm --> ftp.ecs.syr.edu /faculty/fawcett/handouts/CSE687/code/STR/Debug BuildLog.htm
2005.02.03 08:51 B C:\SU\CSE687\Code\STR\Debug\WS_FTP.LOG --> ftp.ecs.syr.edu /faculty/fawcett/handouts/CSE687/code/STR/Debug WS_FTP.LOG
2006.01.14 22:11 B C:\SU\CSE687\Code\STR\Debug\BuildLog.htm --> ftp.ecs.syr.edu /faculty/fawcett/handouts/CSE687/code/STR/Debug BuildLog.htm
2006.01.14 22:11 B C:\SU\CSE687\Code\STR\Debug\WS_FTP.LOG --> ftp.ecs.syr.edu /faculty/fawcett/handouts/CSE687/code/STR/Debug WS_FTP.LOG
2006.01.14 22:26 B C:\SU\CSE687\Code\STR\Debug\BuildLog.htm --> ftp.ecs.syr.edu /faculty/fawcett/handouts/CSE687/code/STR/Debug BuildLog.htm
2006.01.14 22:26 B C:\SU\CSE687\Code\STR\Debug\WS_FTP.LOG --> ftp.ecs.syr.edu /faculty/fawcett/handouts/CSE687/code/STR/Debug WS_FTP.LOG
2006.01.29 06:51 B C:\SU\CSE687\Code\STR\Debug\BuildLog.htm --> ftp.ecs.syr.edu /faculty/fawcett/handouts/CSE687/code/STR/Debug BuildLog.htm
2006.01.29 06:51 B C:\SU\CSE687\Code\STR\Debug\mt.dep --> ftp.ecs.syr.edu /faculty/fawcett/handouts/CSE687/code/STR/Debug mt.dep
2006.01.29 06:51 B C:\SU\CSE687\Code\STR\Debug\stdafx.obj --> ftp.ecs.syr.edu /faculty/fawcett/handouts/CSE687/code/STR/Debug stdafx.obj
2006.01.29 06:51 B C:\SU\CSE687\Code\STR\Debug\str.exe --> ftp.ecs.syr.edu /faculty/fawcett/handouts/CSE687/code/STR/Debug str.exe
2006.01.29 06:51 B C:\SU\CSE687\Code\STR\Debug\str.exe.embed.manifest --> ftp.ecs.syr.edu /faculty/fawcett/handouts/CSE687/code/STR/Debug str.exe.embed.manifest
2006.01.29 06:51 B C:\SU\CSE687\Code\STR\Debug\str.exe.embed.manifest.res --> ftp.ecs.syr.edu /faculty/fawcett/handouts/CSE687/code/STR/Debug str.exe.embed.manifest.res
2006.01.29 06:51 B C:\SU\CSE687\Code\STR\Debug\str.exe.intermediate.manifest --> ftp.ecs.syr.edu /faculty/fawcett/handouts/CSE687/code/STR/Debug str.exe.intermediate.manifest
2006.01.29 06:52 B C:\SU\CSE687\Code\STR\Debug\str.ilk --> ftp.ecs.syr.edu /faculty/fawcett/handouts/CSE687/code/STR/Debug str.ilk
2006.01.29 06:53 B C:\SU\CSE687\Code\STR\Debug\WS_FTP.LOG --> ftp.ecs.syr.edu /faculty/fawcett/handouts/CSE687/code/STR/Debug WS_FTP.LOG
