2006.01.15 20:58 B C:\SU\CSE687\Code\Project1HelpS06\SemiExpression\anal.dat --> ftp.ecs.syr.edu /faculty/fawcett/handouts/CSE687/code/Project1HelpS06/SemiExpression anal.dat
2006.01.15 20:58 B C:\SU\CSE687\Code\Project1HelpS06\SemiExpression\compile.bat --> ftp.ecs.syr.edu /faculty/fawcett/handouts/CSE687/code/Project1HelpS06/SemiExpression compile.bat
2006.01.15 20:58 B C:\SU\CSE687\Code\Project1HelpS06\SemiExpression\ReadMe.txt --> ftp.ecs.syr.edu /faculty/fawcett/handouts/CSE687/code/Project1HelpS06/SemiExpression ReadMe.txt
2006.01.15 20:58 B C:\SU\CSE687\Code\Project1HelpS06\SemiExpression\run.bat --> ftp.ecs.syr.edu /faculty/fawcett/handouts/CSE687/code/Project1HelpS06/SemiExpression run.bat
2006.01.15 20:58 B C:\SU\CSE687\Code\Project1HelpS06\SemiExpression\semi.dat --> ftp.ecs.syr.edu /faculty/fawcett/handouts/CSE687/code/Project1HelpS06/SemiExpression semi.dat
2006.01.15 20:58 B C:\SU\CSE687\Code\Project1HelpS06\SemiExpression\SemiExpression.vcproj --> ftp.ecs.syr.edu /faculty/fawcett/handouts/CSE687/code/Project1HelpS06/SemiExpression SemiExpression.vcproj
2006.01.15 20:58 B C:\SU\CSE687\Code\Project1HelpS06\SemiExpression\SemiExpression.vcproj.COLUMBIA.Administrator.user --> ftp.ecs.syr.edu /faculty/fawcett/handouts/CSE687/code/Project1HelpS06/SemiExpression SemiExpression.vcproj.COLUMBIA.Administrator.user
2006.01.17 21:09 B C:\SU\CSE687\Code\Parser\SemiExpression\anal.dat --> ftp.ecs.syr.edu /faculty/fawcett/handouts/CSE687/code/Parser/SemiExpression anal.dat
2006.01.17 21:09 B C:\SU\CSE687\Code\Parser\SemiExpression\compile.bat --> ftp.ecs.syr.edu /faculty/fawcett/handouts/CSE687/code/Parser/SemiExpression compile.bat
2006.01.17 21:09 B C:\SU\CSE687\Code\Parser\SemiExpression\ReadMe.txt --> ftp.ecs.syr.edu /faculty/fawcett/handouts/CSE687/code/Parser/SemiExpression ReadMe.txt
2006.01.17 21:09 B C:\SU\CSE687\Code\Parser\SemiExpression\run.bat --> ftp.ecs.syr.edu /faculty/fawcett/handouts/CSE687/code/Parser/SemiExpression run.bat
2006.01.17 21:09 B C:\SU\CSE687\Code\Parser\SemiExpression\semi.dat --> ftp.ecs.syr.edu /faculty/fawcett/handouts/CSE687/code/Parser/SemiExpression semi.dat
2006.01.17 21:09 B C:\SU\CSE687\Code\Parser\SemiExpression\SemiExpression.vcproj --> ftp.ecs.syr.edu /faculty/fawcett/handouts/CSE687/code/Parser/SemiExpression SemiExpression.vcproj
2006.01.17 21:09 B C:\SU\CSE687\Code\Parser\SemiExpression\SemiExpression.vcproj.COLUMBIA.Administrator.user --> ftp.ecs.syr.edu /faculty/fawcett/handouts/CSE687/code/Parser/SemiExpression SemiExpression.vcproj.COLUMBIA.Administrator.user
2006.01.17 21:09 B C:\SU\CSE687\Code\Parser\SemiExpression\WS_FTP.LOG --> ftp.ecs.syr.edu /faculty/fawcett/handouts/CSE687/code/Parser/SemiExpression WS_FTP.LOG
2006.02.01 08:46 B C:\SU\CSE687\Code\Parser\SemiExpression\anal.dat --> ftp.ecs.syr.edu /faculty/fawcett/handouts/CSE687/code/Parser/SemiExpression anal.dat
2006.02.01 08:46 B C:\SU\CSE687\Code\Parser\SemiExpression\compile.bat --> ftp.ecs.syr.edu /faculty/fawcett/handouts/CSE687/code/Parser/SemiExpression compile.bat
2006.02.01 08:46 B C:\SU\CSE687\Code\Parser\SemiExpression\ReadMe.txt --> ftp.ecs.syr.edu /faculty/fawcett/handouts/CSE687/code/Parser/SemiExpression ReadMe.txt
2006.02.01 08:46 B C:\SU\CSE687\Code\Parser\SemiExpression\run.bat --> ftp.ecs.syr.edu /faculty/fawcett/handouts/CSE687/code/Parser/SemiExpression run.bat
2006.02.01 08:46 B C:\SU\CSE687\Code\Parser\SemiExpression\semi.dat --> ftp.ecs.syr.edu /faculty/fawcett/handouts/CSE687/code/Parser/SemiExpression semi.dat
2006.02.01 08:46 B C:\SU\CSE687\Code\Parser\SemiExpression\SemiExp.doc --> ftp.ecs.syr.edu /faculty/fawcett/handouts/CSE687/code/Parser/SemiExpression SemiExp.doc
2006.02.01 08:46 B C:\SU\CSE687\Code\Parser\SemiExpression\SemiExpression.vcproj --> ftp.ecs.syr.edu /faculty/fawcett/handouts/CSE687/code/Parser/SemiExpression SemiExpression.vcproj
2006.02.01 08:46 B C:\SU\CSE687\Code\Parser\SemiExpression\SemiExpression.vcproj.COLUMBIA.Administrator.user --> ftp.ecs.syr.edu /faculty/fawcett/handouts/CSE687/code/Parser/SemiExpression SemiExpression.vcproj.COLUMBIA.Administrator.user
2006.02.01 08:46 B C:\SU\CSE687\Code\Parser\SemiExpression\WS_FTP.LOG --> ftp.ecs.syr.edu /faculty/fawcett/handouts/CSE687/code/Parser/SemiExpression WS_FTP.LOG
2006.02.06 10:35 B C:\SU\CSE687\Code\Parser\SemiExpression\SemiExpression.vcproj.COLUMBIA.Administrator.user --> ftp.ecs.syr.edu /faculty/fawcett/handouts/CSE687/code/Parser/SemiExpression SemiExpression.vcproj.COLUMBIA.Administrator.user
2006.02.06 10:37 B C:\SU\CSE687\Code\Parser\SemiExpression\WS_FTP.LOG --> ftp.ecs.syr.edu /faculty/fawcett/handouts/CSE687/code/Parser/SemiExpression WS_FTP.LOG
2006.02.06 10:47 B C:\SU\CSE687\Code\Parser\SemiExpression\SemiExpression.vcproj.COLUMBIA.Administrator.user --> ftp.ecs.syr.edu /faculty/fawcett/handouts/CSE687/code/Project1HelpS06/SemiExpression SemiExpression.vcproj.COLUMBIA.Administrator.user
2006.02.06 10:47 B C:\SU\CSE687\Code\Parser\SemiExpression\WS_FTP.LOG --> ftp.ecs.syr.edu /faculty/fawcett/handouts/CSE687/code/Project1HelpS06/SemiExpression WS_FTP.LOG
2006.02.10 04:23 B C:\SU\CSE687\Code\Parser\SemiExpression\SemiExpression.vcproj.COLUMBIA.Administrator.user --> ftp.ecs.syr.edu /faculty/fawcett/handouts/CSE687/code/Parser/SemiExpression SemiExpression.vcproj.COLUMBIA.Administrator.user
2006.02.10 04:23 B C:\SU\CSE687\Code\Parser\SemiExpression\WS_FTP.LOG --> ftp.ecs.syr.edu /faculty/fawcett/handouts/CSE687/code/Parser/SemiExpression WS_FTP.LOG
2006.02.10 04:36 B C:\SU\CSE687\Code\Parser\SemiExpression\SemiExpression.vcproj.COLUMBIA.Administrator.user --> ftp.ecs.syr.edu /faculty/fawcett/handouts/CSE687/code/Project1HelpS06/SemiExpression SemiExpression.vcproj.COLUMBIA.Administrator.user
2006.02.10 04:36 B C:\SU\CSE687\Code\Parser\SemiExpression\WS_FTP.LOG --> ftp.ecs.syr.edu /faculty/fawcett/handouts/CSE687/code/Project1HelpS06/SemiExpression WS_FTP.LOG
2006.02.26 20:54 B C:\SU\CSE687\Code\Parser\SemiExpression\SemiExpression.vcproj.COLUMBIA.Administrator.user --> ftp.ecs.syr.edu /faculty/fawcett/handouts/CSE687/code/Parser/SemiExpression SemiExpression.vcproj.COLUMBIA.Administrator.user
2006.02.26 20:54 B C:\SU\CSE687\Code\Parser\SemiExpression\WS_FTP.LOG --> ftp.ecs.syr.edu /faculty/fawcett/handouts/CSE687/code/Parser/SemiExpression WS_FTP.LOG
2006.02.28 09:34 B C:\SU\CSE687\Code\Parser\SemiExpression\SemiExpression.vcproj.COLUMBIA.Administrator.user --> ftp.ecs.syr.edu /faculty/fawcett/handouts/CSE687/code/Parser/SemiExpression SemiExpression.vcproj.COLUMBIA.Administrator.user
2006.07.02 06:37 B C:\SU\CSE687\Code\Parser\SemiExpression\anal.dat --> ftp.ecs.syr.edu /faculty/fawcett/handouts/CSE776/Presentations/Strategy/Code/Parser/SemiExpression anal.dat
2006.07.02 06:37 B C:\SU\CSE687\Code\Parser\SemiExpression\compile.bat --> ftp.ecs.syr.edu /faculty/fawcett/handouts/CSE776/Presentations/Strategy/Code/Parser/SemiExpression compile.bat
2006.07.02 06:37 B C:\SU\CSE687\Code\Parser\SemiExpression\ReadMe.txt --> ftp.ecs.syr.edu /faculty/fawcett/handouts/CSE776/Presentations/Strategy/Code/Parser/SemiExpression ReadMe.txt
2006.07.02 06:37 B C:\SU\CSE687\Code\Parser\SemiExpression\run.bat --> ftp.ecs.syr.edu /faculty/fawcett/handouts/CSE776/Presentations/Strategy/Code/Parser/SemiExpression run.bat
2006.07.02 06:37 B C:\SU\CSE687\Code\Parser\SemiExpression\semi.dat --> ftp.ecs.syr.edu /faculty/fawcett/handouts/CSE776/Presentations/Strategy/Code/Parser/SemiExpression semi.dat
2006.07.02 06:37 B C:\SU\CSE687\Code\Parser\SemiExpression\SemiExp.doc --> ftp.ecs.syr.edu /faculty/fawcett/handouts/CSE776/Presentations/Strategy/Code/Parser/SemiExpression SemiExp.doc
2006.07.02 06:37 B C:\SU\CSE687\Code\Parser\SemiExpression\SemiExpression.vcproj --> ftp.ecs.syr.edu /faculty/fawcett/handouts/CSE776/Presentations/Strategy/Code/Parser/SemiExpression SemiExpression.vcproj
2006.07.02 06:37 B C:\SU\CSE687\Code\Parser\SemiExpression\SemiExpression.vcproj.COLUMBIA.Administrator.user --> ftp.ecs.syr.edu /faculty/fawcett/handouts/CSE776/Presentations/Strategy/Code/Parser/SemiExpression SemiExpression.vcproj.COLUMBIA.Administrator.user
2006.07.02 06:37 B C:\SU\CSE687\Code\Parser\SemiExpression\WS_FTP.LOG --> ftp.ecs.syr.edu /faculty/fawcett/handouts/CSE776/Presentations/Strategy/Code/Parser/SemiExpression WS_FTP.LOG
2007.01.21 08:20 B C:\SU\CSE687\Code\Parser\SemiExpression\CoverSheet.doc --> ftp.ecs.syr.edu /faculty/fawcett/handouts/CSE687/code/Parser/SemiExpression CoverSheet.doc
2007.02.04 20:50 B C:\SU\CSE687\Code\Parser\SemiExpression\SemiExpression.vcproj.COLUMBIA.Administrator.user --> ftp.ecs.syr.edu /faculty/fawcett/handouts/CSE687/code/Parser/SemiExpression SemiExpression.vcproj.COLUMBIA.Administrator.user
2007.02.04 20:50 B C:\SU\CSE687\Code\Parser\SemiExpression\WS_FTP.LOG --> ftp.ecs.syr.edu /faculty/fawcett/handouts/CSE687/code/Parser/SemiExpression WS_FTP.LOG
2007.02.10 16:19 B C:\SU\CSE687\Code\Parser\SemiExpression\SemiExpression.vcproj.COLUMBIA.Administrator.user --> ftp.ecs.syr.edu /faculty/fawcett/handouts/CSE687/code/Parser/SemiExpression SemiExpression.vcproj.COLUMBIA.Administrator.user
