Build started 2/9/2011 10:46:58 PM.
     1>Project "C:\Users\Ider\Project\SU\CodeAnalysis\CodeAnalysis\CodeAnalysis.vcxproj" on node 2 (build target(s)).
     1>InitializeBuildStatus:
         Creating "Debug\CodeAnalysis.unsuccessfulbuild" because "AlwaysCreate" was specified.
       ClCompile:
         C:\Program Files (Ider)\Microsoft Visual Studio 10.0\VC\bin\CL.exe /c /ZI /nologo /W3 /WX- /Od /Oy- /D _MBCS /Gm /EHsc /RTC1 /MDd /GS /fp:precise /Zc:wchar_t /Zc:forScope /Fo"Debug\\" /Fd"Debug\vc100.pdb" /Gd /TP /analyze- /errorReport:prompt Parser.cpp
         Parser.cpp
       Link:
         C:\Program Files (Ider)\Microsoft Visual Studio 10.0\VC\bin\link.exe /ERRORREPORT:PROMPT /OUT:"C:\Users\Ider\Project\SU\CodeAnalysis\Debug\CodeAnalysis.exe" /NOLOGO kernel32.lib user32.lib gdi32.lib winspool.lib comdlg32.lib advapi32.lib shell32.lib ole32.lib oleaut32.lib uuid.lib odbc32.lib odbccp32.lib /MANIFEST /ManifestFile:"Debug\CodeAnalysis.exe.intermediate.manifest" /MANIFESTUAC:"level='asInvoker' uiAccess='false'" /DEBUG /PDB:"C:\Users\Ider\Project\SU\CodeAnalysis\Debug\CodeAnalysis.pdb" /TLBID:1 /DYNAMICBASE /NXCOMPAT /IMPLIB:"C:\Users\Ider\Project\SU\CodeAnalysis\Debug\CodeAnalysis.lib" /MACHINE:X86 Debug\ActionsAndRules.obj
         Debug\ConfigureParser.obj
         Debug\Parser.obj
         Debug\ScopeStack.obj
         Debug\SemiExpression.obj
         Debug\Tokenizer.obj
         LINK : C:\Users\Ider\Project\SU\CodeAnalysis\Debug\CodeAnalysis.exe not found or not built by the last incremental link; performing full link
         CodeAnalysis.vcxproj -> C:\Users\Ider\Project\SU\CodeAnalysis\Debug\CodeAnalysis.exe
       Manifest:
         C:\Program Files (x86)\Microsoft SDKs\Windows\v7.0A\bin\mt.exe /nologo /verbose /outputresource:"C:\Users\Ider\Project\SU\CodeAnalysis\Debug\CodeAnalysis.exe;#1" /manifest Debug\CodeAnalysis.exe.intermediate.manifest
       FinalizeBuildStatus:
         Deleting file "Debug\CodeAnalysis.unsuccessfulbuild".
         Touching "Debug\CodeAnalysis.lastbuildstate".
     1>Done Building Project "C:\Users\Ider\Project\SU\CodeAnalysis\CodeAnalysis\CodeAnalysis.vcxproj" (build target(s)).

Build succeeded.

Time Elapsed 00:00:01.59
