Build started 1/25/2011 8:08:18 AM.
     1>Project "C:\Users\Ider\Project\Project1HelpSp11\Tokenizer\Tokenizer.vcxproj" on node 3 (build target(s)).
     1>InitializeBuildStatus:
         Creating "Debug\Tokenizer.unsuccessfulbuild" because "AlwaysCreate" was specified.
       ClCompile:
         C:\Program Files (Ider)\Microsoft Visual Studio 10.0\VC\bin\CL.exe /c /ZI /nologo /W3 /WX- /Od /Oy- /D WIN32 /D _DEBUG /D _CONSOLE /D TEST_TOKENIZER /D _UNICODE /D UNICODE /Gm /EHsc /RTC1 /MDd /GS /fp:precise /Zc:wchar_t /Zc:forScope /Fo"Debug\\" /Fd"Debug\vc100.pdb" /Gd /TP /analyze- /errorReport:prompt ..\testBraceBug.cpp ..\Tokenizer.cpp
         Tokenizer.cpp
         testBraceBug.cpp
     1>c:\users\ider\project\project1helpsp11\testbracebug.cpp(19): warning C4390: ';' : empty controlled statement found; is this the intent?
     1>c:\users\ider\project\project1helpsp11\testbracebug.cpp(24): warning C4390: ';' : empty controlled statement found; is this the intent?
         Generating Code...
       ManifestResourceCompile:
         C:\Program Files (x86)\Microsoft SDKs\Windows\v7.0A\bin\rc.exe /nologo /fo"Debug\Tokenizer.exe.embed.manifest.res" Debug\Tokenizer_manifest.rc 
       Link:
         C:\Program Files (Ider)\Microsoft Visual Studio 10.0\VC\bin\link.exe /ERRORREPORT:PROMPT /OUT:"C:\Users\Ider\Project\Project1HelpSp11\Debug\Tokenizer.exe" /INCREMENTAL /NOLOGO setargv.obj kernel32.lib user32.lib gdi32.lib winspool.lib comdlg32.lib advapi32.lib shell32.lib ole32.lib oleaut32.lib uuid.lib odbc32.lib odbccp32.lib /MANIFEST /ManifestFile:"Debug\Tokenizer.exe.intermediate.manifest" /MANIFESTUAC:"level='asInvoker' uiAccess='false'" /DEBUG /PDB:"C:\Users\Ider\Project\Project1HelpSp11\Debug\Tokenizer.pdb" /SUBSYSTEM:CONSOLE /TLBID:1 /DYNAMICBASE:NO /IMPLIB:"C:\Users\Ider\Project\Project1HelpSp11\Debug\Tokenizer.lib" /MACHINE:X86 Debug\Tokenizer.exe.embed.manifest.res
         Debug\testBraceBug.obj
         Debug\Tokenizer.obj
         LINK : C:\Users\Ider\Project\Project1HelpSp11\Debug\Tokenizer.exe not found or not built by the last incremental link; performing full link
       Manifest:
         C:\Program Files (x86)\Microsoft SDKs\Windows\v7.0A\bin\mt.exe /nologo /verbose /out:"Debug\Tokenizer.exe.embed.manifest" /manifest Debug\Tokenizer.exe.intermediate.manifest
         C:\Program Files (x86)\Microsoft SDKs\Windows\v7.0A\bin\rc.exe /nologo /fo"Debug\Tokenizer.exe.embed.manifest.res" Debug\Tokenizer_manifest.rc 
       LinkEmbedManifest:
         C:\Program Files (Ider)\Microsoft Visual Studio 10.0\VC\bin\link.exe /ERRORREPORT:PROMPT /OUT:"C:\Users\Ider\Project\Project1HelpSp11\Debug\Tokenizer.exe" /INCREMENTAL /NOLOGO setargv.obj kernel32.lib user32.lib gdi32.lib winspool.lib comdlg32.lib advapi32.lib shell32.lib ole32.lib oleaut32.lib uuid.lib odbc32.lib odbccp32.lib /MANIFEST /ManifestFile:"Debug\Tokenizer.exe.intermediate.manifest" /MANIFESTUAC:"level='asInvoker' uiAccess='false'" /DEBUG /PDB:"C:\Users\Ider\Project\Project1HelpSp11\Debug\Tokenizer.pdb" /SUBSYSTEM:CONSOLE /TLBID:1 /DYNAMICBASE:NO /IMPLIB:"C:\Users\Ider\Project\Project1HelpSp11\Debug\Tokenizer.lib" /MACHINE:X86 Debug\Tokenizer.exe.embed.manifest.res
         Debug\testBraceBug.obj
         Debug\Tokenizer.obj
         Tokenizer.vcxproj -> C:\Users\Ider\Project\Project1HelpSp11\Debug\Tokenizer.exe
       FinalizeBuildStatus:
         Deleting file "Debug\Tokenizer.unsuccessfulbuild".
         Touching "Debug\Tokenizer.lastbuildstate".
     1>Done Building Project "C:\Users\Ider\Project\Project1HelpSp11\Tokenizer\Tokenizer.vcxproj" (build target(s)).

Build succeeded.

Time Elapsed 00:00:02.96
