2004.03.21 20:01 B C:\SU\CSE687\Code\STL\algorithms\ALGO1\Debug\algo1.exe --> ftp.ecs.syr.edu /faculty/fawcett/handouts/CSE687/code/STL/algorithms/ALGO1/Debug algo1.exe
2004.03.21 20:01 B C:\SU\CSE687\Code\STL\algorithms\ALGO1\Debug\Algo1.obj --> ftp.ecs.syr.edu /faculty/fawcett/handouts/CSE687/code/STL/algorithms/ALGO1/Debug Algo1.obj
2004.03.21 20:02 B C:\SU\CSE687\Code\STL\algorithms\ALGO1\Debug\algo1.pch --> ftp.ecs.syr.edu /faculty/fawcett/handouts/CSE687/code/STL/algorithms/ALGO1/Debug algo1.pch
2004.03.21 20:02 B C:\SU\CSE687\Code\STL\algorithms\ALGO1\Debug\algo1.pdb --> ftp.ecs.syr.edu /faculty/fawcett/handouts/CSE687/code/STL/algorithms/ALGO1/Debug algo1.pdb
2004.03.21 20:02 B C:\SU\CSE687\Code\STL\algorithms\ALGO1\Debug\BuildLog.htm --> ftp.ecs.syr.edu /faculty/fawcett/handouts/CSE687/code/STL/algorithms/ALGO1/Debug BuildLog.htm
2004.03.21 20:02 B C:\SU\CSE687\Code\STL\algorithms\ALGO1\Debug\vc70.idb --> ftp.ecs.syr.edu /faculty/fawcett/handouts/CSE687/code/STL/algorithms/ALGO1/Debug vc70.idb
2004.03.21 20:02 B C:\SU\CSE687\Code\STL\algorithms\ALGO1\Debug\vc70.pdb --> ftp.ecs.syr.edu /faculty/fawcett/handouts/CSE687/code/STL/algorithms/ALGO1/Debug vc70.pdb
2004.03.24 09:57 B C:\SU\CSE687\Code\STL\algorithms\ALGO1\Debug\WS_FTP.LOG --> ftp.ecs.syr.edu /faculty/fawcett/handouts/CSE687/code/STL/algorithms/ALGO1/Debug WS_FTP.LOG
2005.03.21 09:53 B C:\SU\CSE687\Code\STL\algorithms\ALGO1\Debug\algo1.exe --> ftp.ecs.syr.edu /faculty/fawcett/handouts/CSE687/code/STL/algorithms/ALGO1/Debug algo1.exe
2005.03.21 09:53 B C:\SU\CSE687\Code\STL\algorithms\ALGO1\Debug\Algo1.obj --> ftp.ecs.syr.edu /faculty/fawcett/handouts/CSE687/code/STL/algorithms/ALGO1/Debug Algo1.obj
2005.03.21 09:54 B C:\SU\CSE687\Code\STL\algorithms\ALGO1\Debug\algo1.pch --> ftp.ecs.syr.edu /faculty/fawcett/handouts/CSE687/code/STL/algorithms/ALGO1/Debug algo1.pch
2005.03.21 09:54 B C:\SU\CSE687\Code\STL\algorithms\ALGO1\Debug\algo1.pdb --> ftp.ecs.syr.edu /faculty/fawcett/handouts/CSE687/code/STL/algorithms/ALGO1/Debug algo1.pdb
2005.03.21 09:55 B C:\SU\CSE687\Code\STL\algorithms\ALGO1\Debug\BuildLog.htm --> ftp.ecs.syr.edu /faculty/fawcett/handouts/CSE687/code/STL/algorithms/ALGO1/Debug BuildLog.htm
2005.03.21 09:55 B C:\SU\CSE687\Code\STL\algorithms\ALGO1\Debug\vc70.idb --> ftp.ecs.syr.edu /faculty/fawcett/handouts/CSE687/code/STL/algorithms/ALGO1/Debug vc70.idb
2005.03.21 09:55 B C:\SU\CSE687\Code\STL\algorithms\ALGO1\Debug\vc70.pdb --> ftp.ecs.syr.edu /faculty/fawcett/handouts/CSE687/code/STL/algorithms/ALGO1/Debug vc70.pdb
2005.03.21 09:55 B C:\SU\CSE687\Code\STL\algorithms\ALGO1\Debug\WS_FTP.LOG --> ftp.ecs.syr.edu /faculty/fawcett/handouts/CSE687/code/STL/algorithms/ALGO1/Debug WS_FTP.LOG
2005.03.28 08:15 B C:\SU\CSE687\Code\STL\algorithms\ALGO1\Debug\WS_FTP.LOG --> ftp.ecs.syr.edu /faculty/fawcett/handouts/CSE687/code/STL/algorithms/ALGO1/Debug WS_FTP.LOG
2005.03.28 11:39 B C:\SU\CSE687\Code\STL\algorithms\ALGO1\Debug\WS_FTP.LOG --> ftp.ecs.syr.edu /faculty/fawcett/handouts/CSE687/code/STL/algorithms/ALGO1/Debug WS_FTP.LOG
2005.03.30 11:46 B C:\SU\CSE687\Code\STL\algorithms\ALGO1\Debug\WS_FTP.LOG --> ftp.ecs.syr.edu /faculty/fawcett/handouts/CSE687/code/STL/algorithms/ALGO1/Debug WS_FTP.LOG
2006.03.29 05:58 B C:\SU\CSE687\Code\STL\algorithms\ALGO1\Debug\WS_FTP.LOG --> ftp.ecs.syr.edu /faculty/fawcett/handouts/CSE687/code/STL/algorithms/ALGO1/Debug WS_FTP.LOG
2006.03.29 05:58 B C:\SU\CSE687\Code\STL\algorithms\ALGO1\Debug\BuildLog.htm --> ftp.ecs.syr.edu /faculty/fawcett/handouts/CSE687/code/STL/algorithms/ALGO1/Debug BuildLog.htm
2006.03.29 05:58 B C:\SU\CSE687\Code\STL\algorithms\ALGO1\Debug\algo1.exe --> ftp.ecs.syr.edu /faculty/fawcett/handouts/CSE687/code/STL/algorithms/ALGO1/Debug algo1.exe
2007.04.03 18:21 B C:\SU\CSE687\Code\STL\algorithms\ALGO1\Debug\algo1.exe --> ftp.ecs.syr.edu /faculty/fawcett/handouts/CSE687/code/STL/algorithms/ALGO1/Debug algo1.exe
