2003.03.24 11:54 B C:\SU\CSE687\Code\STL\findfiles\findfiles.cpp --> ftp.ecs.syr.edu /faculty/fawcett/handouts/CSE687/code/STL/findfiles findfiles.cpp
2003.03.24 11:54 B C:\SU\CSE687\Code\STL\findfiles\findfiles.dsp --> ftp.ecs.syr.edu /faculty/fawcett/handouts/CSE687/code/STL/findfiles findfiles.dsp
2003.03.24 11:54 B C:\SU\CSE687\Code\STL\findfiles\findfiles.dsw --> ftp.ecs.syr.edu /faculty/fawcett/handouts/CSE687/code/STL/findfiles findfiles.dsw
2003.03.24 11:54 B C:\SU\CSE687\Code\STL\findfiles\findfiles.ncb --> ftp.ecs.syr.edu /faculty/fawcett/handouts/CSE687/code/STL/findfiles findfiles.ncb
2003.03.24 11:54 B C:\SU\CSE687\Code\STL\findfiles\findfiles.sln --> ftp.ecs.syr.edu /faculty/fawcett/handouts/CSE687/code/STL/findfiles findfiles.sln
2003.03.24 11:54 B C:\SU\CSE687\Code\STL\findfiles\findfiles.suo --> ftp.ecs.syr.edu /faculty/fawcett/handouts/CSE687/code/STL/findfiles findfiles.suo
2003.03.24 11:54 B C:\SU\CSE687\Code\STL\findfiles\findfiles.vcproj --> ftp.ecs.syr.edu /faculty/fawcett/handouts/CSE687/code/STL/findfiles findfiles.vcproj
2003.03.27 16:54 B C:\SU\CSE687\Code\STL\findfiles\WS_FTP.LOG --> ftp.ecs.syr.edu /faculty/fawcett/handouts/CSE687/code/STL/findfiles WS_FTP.LOG
2004.03.21 20:05 B C:\SU\CSE687\Code\STL\findfiles\findfiles.ncb --> ftp.ecs.syr.edu /faculty/fawcett/handouts/CSE687/code/STL/findfiles findfiles.ncb
2004.03.21 20:05 B C:\SU\CSE687\Code\STL\findfiles\findfiles.suo --> ftp.ecs.syr.edu /faculty/fawcett/handouts/CSE687/code/STL/findfiles findfiles.suo
2004.03.21 20:05 B C:\SU\CSE687\Code\STL\findfiles\WS_FTP.LOG --> ftp.ecs.syr.edu /faculty/fawcett/handouts/CSE687/code/STL/findfiles WS_FTP.LOG
2004.03.24 10:02 B C:\SU\CSE687\Code\STL\findfiles\findfiles.vcproj --> ftp.ecs.syr.edu /faculty/fawcett/handouts/CSE687/code/STL/findfiles findfiles.vcproj
2004.03.24 10:02 B C:\SU\CSE687\Code\STL\findfiles\findfiles.vcproj.old --> ftp.ecs.syr.edu /faculty/fawcett/handouts/CSE687/code/STL/findfiles findfiles.vcproj.old
2004.03.24 10:02 B C:\SU\CSE687\Code\STL\findfiles\WS_FTP.LOG --> ftp.ecs.syr.edu /faculty/fawcett/handouts/CSE687/code/STL/findfiles WS_FTP.LOG
2005.03.21 10:01 B C:\SU\CSE687\Code\STL\findfiles\findfiles.dsp --> ftp.ecs.syr.edu /faculty/fawcett/handouts/CSE687/code/STL/findfiles findfiles.dsp
2005.03.21 10:01 B C:\SU\CSE687\Code\STL\findfiles\findfiles.dsw --> ftp.ecs.syr.edu /faculty/fawcett/handouts/CSE687/code/STL/findfiles findfiles.dsw
2005.03.21 10:02 B C:\SU\CSE687\Code\STL\findfiles\findfiles.ncb --> ftp.ecs.syr.edu /faculty/fawcett/handouts/CSE687/code/STL/findfiles findfiles.ncb
2005.03.21 10:02 B C:\SU\CSE687\Code\STL\findfiles\findfiles.sln --> ftp.ecs.syr.edu /faculty/fawcett/handouts/CSE687/code/STL/findfiles findfiles.sln
2005.03.21 10:02 B C:\SU\CSE687\Code\STL\findfiles\findfiles.sln.old --> ftp.ecs.syr.edu /faculty/fawcett/handouts/CSE687/code/STL/findfiles findfiles.sln.old
2005.03.21 10:02 B C:\SU\CSE687\Code\STL\findfiles\findfiles.suo --> ftp.ecs.syr.edu /faculty/fawcett/handouts/CSE687/code/STL/findfiles findfiles.suo
2005.03.21 10:02 B C:\SU\CSE687\Code\STL\findfiles\findfiles.vcproj.old --> ftp.ecs.syr.edu /faculty/fawcett/handouts/CSE687/code/STL/findfiles findfiles.vcproj.old
2005.03.21 10:02 B C:\SU\CSE687\Code\STL\findfiles\WS_FTP.LOG --> ftp.ecs.syr.edu /faculty/fawcett/handouts/CSE687/code/STL/findfiles WS_FTP.LOG
2005.03.28 08:16 B C:\SU\CSE687\Code\STL\findfiles\WS_FTP.LOG --> ftp.ecs.syr.edu /faculty/fawcett/handouts/CSE687/code/STL/findfiles WS_FTP.LOG
2005.03.28 11:39 B C:\SU\CSE687\Code\STL\findfiles\WS_FTP.LOG --> ftp.ecs.syr.edu /faculty/fawcett/handouts/CSE687/code/STL/findfiles WS_FTP.LOG
2005.03.30 11:46 B C:\SU\CSE687\Code\STL\findfiles\WS_FTP.LOG --> ftp.ecs.syr.edu /faculty/fawcett/handouts/CSE687/code/STL/findfiles WS_FTP.LOG
2006.03.29 05:55 B C:\SU\CSE687\Code\STL\findfiles\findfiles.exe --> ftp.ecs.syr.edu /faculty/fawcett/handouts/CSE687/code/STL/findfiles findfiles.exe
2006.03.29 05:55 B C:\SU\CSE687\Code\STL\findfiles\findfiles.dat --> ftp.ecs.syr.edu /faculty/fawcett/handouts/CSE687/code/STL/findfiles findfiles.dat
2006.03.29 05:55 B C:\SU\CSE687\Code\STL\findfiles\findfiles.cpp --> ftp.ecs.syr.edu /faculty/fawcett/handouts/CSE687/code/STL/findfiles findfiles.cpp
2006.03.29 05:55 B C:\SU\CSE687\Code\STL\findfiles\WS_FTP.LOG --> ftp.ecs.syr.edu /faculty/fawcett/handouts/CSE687/code/STL/findfiles WS_FTP.LOG
2006.03.29 05:55 B C:\SU\CSE687\Code\STL\findfiles\findfiles.suo --> ftp.ecs.syr.edu /faculty/fawcett/handouts/CSE687/code/STL/findfiles findfiles.suo
2006.03.29 05:55 B C:\SU\CSE687\Code\STL\findfiles\findfiles.sln --> ftp.ecs.syr.edu /faculty/fawcett/handouts/CSE687/code/STL/findfiles findfiles.sln
2006.03.29 05:55 B C:\SU\CSE687\Code\STL\findfiles\findfiles.vcproj --> ftp.ecs.syr.edu /faculty/fawcett/handouts/CSE687/code/STL/findfiles findfiles.vcproj
2006.03.29 05:55 B C:\SU\CSE687\Code\STL\findfiles\findfiles.dsp --> ftp.ecs.syr.edu /faculty/fawcett/handouts/CSE687/code/STL/findfiles findfiles.dsp
2006.03.29 05:55 B C:\SU\CSE687\Code\STL\findfiles\findfiles.dsw --> ftp.ecs.syr.edu /faculty/fawcett/handouts/CSE687/code/STL/findfiles findfiles.dsw
