2003.03.24 11:53 B C:\SU\CSE687\Code\STL\algorithms\ALGO1\ALGO1.001 --> ftp.ecs.syr.edu /faculty/fawcett/handouts/CSE687/code/STL/algorithms/ALGO1 ALGO1.001
2003.03.24 11:53 B C:\SU\CSE687\Code\STL\algorithms\ALGO1\ALGO1.CPP --> ftp.ecs.syr.edu /faculty/fawcett/handouts/CSE687/code/STL/algorithms/ALGO1 ALGO1.CPP
2003.03.24 11:53 B C:\SU\CSE687\Code\STL\algorithms\ALGO1\ALGO1.DAT --> ftp.ecs.syr.edu /faculty/fawcett/handouts/CSE687/code/STL/algorithms/ALGO1 ALGO1.DAT
2003.03.24 11:53 B C:\SU\CSE687\Code\STL\algorithms\ALGO1\ALGO1.DSP --> ftp.ecs.syr.edu /faculty/fawcett/handouts/CSE687/code/STL/algorithms/ALGO1 ALGO1.DSP
2003.03.24 11:53 B C:\SU\CSE687\Code\STL\algorithms\ALGO1\ALGO1.DSW --> ftp.ecs.syr.edu /faculty/fawcett/handouts/CSE687/code/STL/algorithms/ALGO1 ALGO1.DSW
2003.03.24 11:53 B C:\SU\CSE687\Code\STL\algorithms\ALGO1\ALGO1.EXE --> ftp.ecs.syr.edu /faculty/fawcett/handouts/CSE687/code/STL/algorithms/ALGO1 ALGO1.EXE
2003.03.24 11:53 B C:\SU\CSE687\Code\STL\algorithms\ALGO1\ALGO1.NCB --> ftp.ecs.syr.edu /faculty/fawcett/handouts/CSE687/code/STL/algorithms/ALGO1 ALGO1.NCB
2003.03.24 11:53 B C:\SU\CSE687\Code\STL\algorithms\ALGO1\ALGO1.OPT --> ftp.ecs.syr.edu /faculty/fawcett/handouts/CSE687/code/STL/algorithms/ALGO1 ALGO1.OPT
2003.03.24 11:53 B C:\SU\CSE687\Code\STL\algorithms\ALGO1\ALGO1.PLG --> ftp.ecs.syr.edu /faculty/fawcett/handouts/CSE687/code/STL/algorithms/ALGO1 ALGO1.PLG
2003.03.24 11:53 B C:\SU\CSE687\Code\STL\algorithms\ALGO1\ALGO1.PRN --> ftp.ecs.syr.edu /faculty/fawcett/handouts/CSE687/code/STL/algorithms/ALGO1 ALGO1.PRN
2003.03.24 11:53 B C:\SU\CSE687\Code\STL\algorithms\ALGO1\LINES --> ftp.ecs.syr.edu /faculty/fawcett/handouts/CSE687/code/STL/algorithms/ALGO1 LINES
2003.03.27 16:54 B C:\SU\CSE687\Code\STL\algorithms\ALGO1\WS_FTP.LOG --> ftp.ecs.syr.edu /faculty/fawcett/handouts/CSE687/code/STL/algorithms/ALGO1 WS_FTP.LOG
2004.03.21 20:02 B C:\SU\CSE687\Code\STL\algorithms\ALGO1\ALGO1.ncb --> ftp.ecs.syr.edu /faculty/fawcett/handouts/CSE687/code/STL/algorithms/ALGO1 ALGO1.ncb
2004.03.21 20:02 B C:\SU\CSE687\Code\STL\algorithms\ALGO1\ALGO1.sln --> ftp.ecs.syr.edu /faculty/fawcett/handouts/CSE687/code/STL/algorithms/ALGO1 ALGO1.sln
2004.03.21 20:02 B C:\SU\CSE687\Code\STL\algorithms\ALGO1\ALGO1.suo --> ftp.ecs.syr.edu /faculty/fawcett/handouts/CSE687/code/STL/algorithms/ALGO1 ALGO1.suo
2004.03.21 20:02 B C:\SU\CSE687\Code\STL\algorithms\ALGO1\algo1.vcproj --> ftp.ecs.syr.edu /faculty/fawcett/handouts/CSE687/code/STL/algorithms/ALGO1 algo1.vcproj
2004.03.21 20:02 B C:\SU\CSE687\Code\STL\algorithms\ALGO1\WS_FTP.LOG --> ftp.ecs.syr.edu /faculty/fawcett/handouts/CSE687/code/STL/algorithms/ALGO1 WS_FTP.LOG
2004.03.24 09:57 B C:\SU\CSE687\Code\STL\algorithms\ALGO1\WS_FTP.LOG --> ftp.ecs.syr.edu /faculty/fawcett/handouts/CSE687/code/STL/algorithms/ALGO1 WS_FTP.LOG
2005.03.21 09:55 B C:\SU\CSE687\Code\STL\algorithms\ALGO1\WS_FTP.LOG --> ftp.ecs.syr.edu /faculty/fawcett/handouts/CSE687/code/STL/algorithms/ALGO1 WS_FTP.LOG
2005.03.28 08:15 B C:\SU\CSE687\Code\STL\algorithms\ALGO1\WS_FTP.LOG --> ftp.ecs.syr.edu /faculty/fawcett/handouts/CSE687/code/STL/algorithms/ALGO1 WS_FTP.LOG
2005.03.28 11:39 B C:\SU\CSE687\Code\STL\algorithms\ALGO1\WS_FTP.LOG --> ftp.ecs.syr.edu /faculty/fawcett/handouts/CSE687/code/STL/algorithms/ALGO1 WS_FTP.LOG
2005.03.30 11:46 B C:\SU\CSE687\Code\STL\algorithms\ALGO1\WS_FTP.LOG --> ftp.ecs.syr.edu /faculty/fawcett/handouts/CSE687/code/STL/algorithms/ALGO1 WS_FTP.LOG
2006.03.29 05:58 B C:\SU\CSE687\Code\STL\algorithms\ALGO1\WS_FTP.LOG --> ftp.ecs.syr.edu /faculty/fawcett/handouts/CSE687/code/STL/algorithms/ALGO1 WS_FTP.LOG
2006.03.29 05:58 B C:\SU\CSE687\Code\STL\algorithms\ALGO1\ALGO1.suo --> ftp.ecs.syr.edu /faculty/fawcett/handouts/CSE687/code/STL/algorithms/ALGO1 ALGO1.suo
2006.03.29 05:58 B C:\SU\CSE687\Code\STL\algorithms\ALGO1\algo1.vcproj --> ftp.ecs.syr.edu /faculty/fawcett/handouts/CSE687/code/STL/algorithms/ALGO1 algo1.vcproj
2006.03.29 05:58 B C:\SU\CSE687\Code\STL\algorithms\ALGO1\ALGO1.sln --> ftp.ecs.syr.edu /faculty/fawcett/handouts/CSE687/code/STL/algorithms/ALGO1 ALGO1.sln
2006.03.29 05:58 B C:\SU\CSE687\Code\STL\algorithms\ALGO1\ALGO1.PRN --> ftp.ecs.syr.edu /faculty/fawcett/handouts/CSE687/code/STL/algorithms/ALGO1 ALGO1.PRN
2006.03.29 05:58 B C:\SU\CSE687\Code\STL\algorithms\ALGO1\LINES --> ftp.ecs.syr.edu /faculty/fawcett/handouts/CSE687/code/STL/algorithms/ALGO1 LINES
2006.03.29 05:58 B C:\SU\CSE687\Code\STL\algorithms\ALGO1\ALGO1.DAT --> ftp.ecs.syr.edu /faculty/fawcett/handouts/CSE687/code/STL/algorithms/ALGO1 ALGO1.DAT
2006.03.29 05:58 B C:\SU\CSE687\Code\STL\algorithms\ALGO1\ALGO1.EXE --> ftp.ecs.syr.edu /faculty/fawcett/handouts/CSE687/code/STL/algorithms/ALGO1 ALGO1.EXE
2006.03.29 05:58 B C:\SU\CSE687\Code\STL\algorithms\ALGO1\ALGO1.OPT --> ftp.ecs.syr.edu /faculty/fawcett/handouts/CSE687/code/STL/algorithms/ALGO1 ALGO1.OPT
2006.03.29 05:58 B C:\SU\CSE687\Code\STL\algorithms\ALGO1\ALGO1.DSW --> ftp.ecs.syr.edu /faculty/fawcett/handouts/CSE687/code/STL/algorithms/ALGO1 ALGO1.DSW
2006.03.29 05:58 B C:\SU\CSE687\Code\STL\algorithms\ALGO1\ALGO1.DSP --> ftp.ecs.syr.edu /faculty/fawcett/handouts/CSE687/code/STL/algorithms/ALGO1 ALGO1.DSP
2006.03.29 05:58 B C:\SU\CSE687\Code\STL\algorithms\ALGO1\ALGO1.001 --> ftp.ecs.syr.edu /faculty/fawcett/handouts/CSE687/code/STL/algorithms/ALGO1 ALGO1.001
2006.03.29 05:58 B C:\SU\CSE687\Code\STL\algorithms\ALGO1\ALGO1.CPP --> ftp.ecs.syr.edu /faculty/fawcett/handouts/CSE687/code/STL/algorithms/ALGO1 ALGO1.CPP
2006.03.29 05:58 B C:\SU\CSE687\Code\STL\algorithms\ALGO1\ALGO1.PLG --> ftp.ecs.syr.edu /faculty/fawcett/handouts/CSE687/code/STL/algorithms/ALGO1 ALGO1.PLG
2007.04.03 18:21 B C:\SU\CSE687\Code\STL\algorithms\ALGO1\WS_FTP.LOG --> ftp.ecs.syr.edu /faculty/fawcett/handouts/CSE687/code/STL/algorithms/ALGO1 WS_FTP.LOG
2007.04.03 18:21 B C:\SU\CSE687\Code\STL\algorithms\ALGO1\LINES --> ftp.ecs.syr.edu /faculty/fawcett/handouts/CSE687/code/STL/algorithms/ALGO1 LINES
2007.04.03 18:21 B C:\SU\CSE687\Code\STL\algorithms\ALGO1\ALGO1.EXE --> ftp.ecs.syr.edu /faculty/fawcett/handouts/CSE687/code/STL/algorithms/ALGO1 ALGO1.EXE
2007.04.03 18:21 B C:\SU\CSE687\Code\STL\algorithms\ALGO1\ALGO1.OPT --> ftp.ecs.syr.edu /faculty/fawcett/handouts/CSE687/code/STL/algorithms/ALGO1 ALGO1.OPT
2007.04.03 18:21 B C:\SU\CSE687\Code\STL\algorithms\ALGO1\ALGO1.DSW --> ftp.ecs.syr.edu /faculty/fawcett/handouts/CSE687/code/STL/algorithms/ALGO1 ALGO1.DSW
2007.04.03 18:21 B C:\SU\CSE687\Code\STL\algorithms\ALGO1\ALGO1.DSP --> ftp.ecs.syr.edu /faculty/fawcett/handouts/CSE687/code/STL/algorithms/ALGO1 ALGO1.DSP
2007.04.03 18:21 B C:\SU\CSE687\Code\STL\algorithms\ALGO1\ALGO1.001 --> ftp.ecs.syr.edu /faculty/fawcett/handouts/CSE687/code/STL/algorithms/ALGO1 ALGO1.001
2007.04.03 18:21 B C:\SU\CSE687\Code\STL\algorithms\ALGO1\ALGO1.PLG --> ftp.ecs.syr.edu /faculty/fawcett/handouts/CSE687/code/STL/algorithms/ALGO1 ALGO1.PLG
