2006.01.15 20:58 B C:\SU\CSE687\Code\Project1HelpS06\Tokenizer\anal.dat --> ftp.ecs.syr.edu /faculty/fawcett/handouts/CSE687/code/Project1HelpS06/Tokenizer anal.dat
2006.01.15 20:58 B C:\SU\CSE687\Code\Project1HelpS06\Tokenizer\compile.bat --> ftp.ecs.syr.edu /faculty/fawcett/handouts/CSE687/code/Project1HelpS06/Tokenizer compile.bat
2006.01.15 20:58 B C:\SU\CSE687\Code\Project1HelpS06\Tokenizer\ff.cpp --> ftp.ecs.syr.edu /faculty/fawcett/handouts/CSE687/code/Project1HelpS06/Tokenizer ff.cpp
2006.01.15 20:58 B C:\SU\CSE687\Code\Project1HelpS06\Tokenizer\run.bat --> ftp.ecs.syr.edu /faculty/fawcett/handouts/CSE687/code/Project1HelpS06/Tokenizer run.bat
2006.01.15 20:58 B C:\SU\CSE687\Code\Project1HelpS06\Tokenizer\tok.dat --> ftp.ecs.syr.edu /faculty/fawcett/handouts/CSE687/code/Project1HelpS06/Tokenizer tok.dat
2006.01.15 20:58 B C:\SU\CSE687\Code\Project1HelpS06\Tokenizer\Tokenizer.vcproj --> ftp.ecs.syr.edu /faculty/fawcett/handouts/CSE687/code/Project1HelpS06/Tokenizer Tokenizer.vcproj
2006.01.15 20:58 B C:\SU\CSE687\Code\Project1HelpS06\Tokenizer\Tokenizer.vcproj.COLUMBIA.Administrator.user --> ftp.ecs.syr.edu /faculty/fawcett/handouts/CSE687/code/Project1HelpS06/Tokenizer Tokenizer.vcproj.COLUMBIA.Administrator.user
2006.01.17 21:09 B C:\SU\CSE687\Code\Parser\Tokenizer\anal.dat --> ftp.ecs.syr.edu /faculty/fawcett/handouts/CSE687/code/Parser/Tokenizer anal.dat
2006.01.17 21:09 B C:\SU\CSE687\Code\Parser\Tokenizer\compile.bat --> ftp.ecs.syr.edu /faculty/fawcett/handouts/CSE687/code/Parser/Tokenizer compile.bat
2006.01.17 21:09 B C:\SU\CSE687\Code\Parser\Tokenizer\ff.cpp --> ftp.ecs.syr.edu /faculty/fawcett/handouts/CSE687/code/Parser/Tokenizer ff.cpp
2006.01.17 21:09 B C:\SU\CSE687\Code\Parser\Tokenizer\run.bat --> ftp.ecs.syr.edu /faculty/fawcett/handouts/CSE687/code/Parser/Tokenizer run.bat
2006.01.17 21:09 B C:\SU\CSE687\Code\Parser\Tokenizer\tok.dat --> ftp.ecs.syr.edu /faculty/fawcett/handouts/CSE687/code/Parser/Tokenizer tok.dat
2006.01.17 21:09 B C:\SU\CSE687\Code\Parser\Tokenizer\Tokenizer.vcproj --> ftp.ecs.syr.edu /faculty/fawcett/handouts/CSE687/code/Parser/Tokenizer Tokenizer.vcproj
2006.01.17 21:09 B C:\SU\CSE687\Code\Parser\Tokenizer\Tokenizer.vcproj.COLUMBIA.Administrator.user --> ftp.ecs.syr.edu /faculty/fawcett/handouts/CSE687/code/Parser/Tokenizer Tokenizer.vcproj.COLUMBIA.Administrator.user
2006.01.17 21:09 B C:\SU\CSE687\Code\Parser\Tokenizer\WS_FTP.LOG --> ftp.ecs.syr.edu /faculty/fawcett/handouts/CSE687/code/Parser/Tokenizer WS_FTP.LOG
2006.02.01 08:46 B C:\SU\CSE687\Code\Parser\Tokenizer\anal.dat --> ftp.ecs.syr.edu /faculty/fawcett/handouts/CSE687/code/Parser/Tokenizer anal.dat
2006.02.01 08:46 B C:\SU\CSE687\Code\Parser\Tokenizer\compile.bat --> ftp.ecs.syr.edu /faculty/fawcett/handouts/CSE687/code/Parser/Tokenizer compile.bat
2006.02.01 08:46 B C:\SU\CSE687\Code\Parser\Tokenizer\ff.cpp --> ftp.ecs.syr.edu /faculty/fawcett/handouts/CSE687/code/Parser/Tokenizer ff.cpp
2006.02.01 08:46 B C:\SU\CSE687\Code\Parser\Tokenizer\run.bat --> ftp.ecs.syr.edu /faculty/fawcett/handouts/CSE687/code/Parser/Tokenizer run.bat
2006.02.01 08:46 B C:\SU\CSE687\Code\Parser\Tokenizer\tok.dat --> ftp.ecs.syr.edu /faculty/fawcett/handouts/CSE687/code/Parser/Tokenizer tok.dat
2006.02.01 08:46 B C:\SU\CSE687\Code\Parser\Tokenizer\Tokenizer.doc --> ftp.ecs.syr.edu /faculty/fawcett/handouts/CSE687/code/Parser/Tokenizer Tokenizer.doc
2006.02.01 08:46 B C:\SU\CSE687\Code\Parser\Tokenizer\Tokenizer.vcproj --> ftp.ecs.syr.edu /faculty/fawcett/handouts/CSE687/code/Parser/Tokenizer Tokenizer.vcproj
2006.02.01 08:46 B C:\SU\CSE687\Code\Parser\Tokenizer\Tokenizer.vcproj.COLUMBIA.Administrator.user --> ftp.ecs.syr.edu /faculty/fawcett/handouts/CSE687/code/Parser/Tokenizer Tokenizer.vcproj.COLUMBIA.Administrator.user
2006.02.01 08:46 B C:\SU\CSE687\Code\Parser\Tokenizer\WS_FTP.LOG --> ftp.ecs.syr.edu /faculty/fawcett/handouts/CSE687/code/Parser/Tokenizer WS_FTP.LOG
2006.02.06 10:35 B C:\SU\CSE687\Code\Parser\Tokenizer\CoverSheet.doc --> ftp.ecs.syr.edu /faculty/fawcett/handouts/CSE687/code/Parser/Tokenizer CoverSheet.doc
2006.02.06 10:35 B C:\SU\CSE687\Code\Parser\Tokenizer\ff.cpp --> ftp.ecs.syr.edu /faculty/fawcett/handouts/CSE687/code/Parser/Tokenizer ff.cpp
2006.02.06 10:35 B C:\SU\CSE687\Code\Parser\Tokenizer\Tokenizer.doc --> ftp.ecs.syr.edu /faculty/fawcett/handouts/CSE687/code/Parser/Tokenizer Tokenizer.doc
2006.02.06 10:35 B C:\SU\CSE687\Code\Parser\Tokenizer\Tokenizer.vcproj.COLUMBIA.Administrator.user --> ftp.ecs.syr.edu /faculty/fawcett/handouts/CSE687/code/Parser/Tokenizer Tokenizer.vcproj.COLUMBIA.Administrator.user
2006.02.06 10:37 B C:\SU\CSE687\Code\Parser\Tokenizer\WS_FTP.LOG --> ftp.ecs.syr.edu /faculty/fawcett/handouts/CSE687/code/Parser/Tokenizer WS_FTP.LOG
2006.02.06 10:47 B C:\SU\CSE687\Code\Parser\Tokenizer\CoverSheet.doc --> ftp.ecs.syr.edu /faculty/fawcett/handouts/CSE687/code/Project1HelpS06/Tokenizer CoverSheet.doc
2006.02.06 10:47 B C:\SU\CSE687\Code\Parser\Tokenizer\ff.cpp --> ftp.ecs.syr.edu /faculty/fawcett/handouts/CSE687/code/Project1HelpS06/Tokenizer ff.cpp
2006.02.06 10:47 B C:\SU\CSE687\Code\Parser\Tokenizer\Tokenizer.doc --> ftp.ecs.syr.edu /faculty/fawcett/handouts/CSE687/code/Project1HelpS06/Tokenizer Tokenizer.doc
2006.02.06 10:47 B C:\SU\CSE687\Code\Parser\Tokenizer\Tokenizer.vcproj.COLUMBIA.Administrator.user --> ftp.ecs.syr.edu /faculty/fawcett/handouts/CSE687/code/Project1HelpS06/Tokenizer Tokenizer.vcproj.COLUMBIA.Administrator.user
2006.02.06 10:47 B C:\SU\CSE687\Code\Parser\Tokenizer\WS_FTP.LOG --> ftp.ecs.syr.edu /faculty/fawcett/handouts/CSE687/code/Project1HelpS06/Tokenizer WS_FTP.LOG
2006.02.10 04:23 B C:\SU\CSE687\Code\Parser\Tokenizer\Tokenizer.vcproj.COLUMBIA.Administrator.user --> ftp.ecs.syr.edu /faculty/fawcett/handouts/CSE687/code/Parser/Tokenizer Tokenizer.vcproj.COLUMBIA.Administrator.user
2006.02.10 04:23 B C:\SU\CSE687\Code\Parser\Tokenizer\WS_FTP.LOG --> ftp.ecs.syr.edu /faculty/fawcett/handouts/CSE687/code/Parser/Tokenizer WS_FTP.LOG
2006.02.10 04:36 B C:\SU\CSE687\Code\Parser\Tokenizer\Tokenizer.vcproj.COLUMBIA.Administrator.user --> ftp.ecs.syr.edu /faculty/fawcett/handouts/CSE687/code/Project1HelpS06/Tokenizer Tokenizer.vcproj.COLUMBIA.Administrator.user
2006.02.10 04:36 B C:\SU\CSE687\Code\Parser\Tokenizer\WS_FTP.LOG --> ftp.ecs.syr.edu /faculty/fawcett/handouts/CSE687/code/Project1HelpS06/Tokenizer WS_FTP.LOG
2006.02.26 20:54 B C:\SU\CSE687\Code\Parser\Tokenizer\Tokenizer.vcproj.COLUMBIA.Administrator.user --> ftp.ecs.syr.edu /faculty/fawcett/handouts/CSE687/code/Parser/Tokenizer Tokenizer.vcproj.COLUMBIA.Administrator.user
2006.02.26 20:54 B C:\SU\CSE687\Code\Parser\Tokenizer\WS_FTP.LOG --> ftp.ecs.syr.edu /faculty/fawcett/handouts/CSE687/code/Parser/Tokenizer WS_FTP.LOG
2006.02.28 09:34 B C:\SU\CSE687\Code\Parser\Tokenizer\Tokenizer.vcproj.COLUMBIA.Administrator.user --> ftp.ecs.syr.edu /faculty/fawcett/handouts/CSE687/code/Parser/Tokenizer Tokenizer.vcproj.COLUMBIA.Administrator.user
2006.07.02 06:37 B C:\SU\CSE687\Code\Parser\Tokenizer\anal.dat --> ftp.ecs.syr.edu /faculty/fawcett/handouts/CSE776/Presentations/Strategy/Code/Parser/Tokenizer anal.dat
2006.07.02 06:37 B C:\SU\CSE687\Code\Parser\Tokenizer\compile.bat --> ftp.ecs.syr.edu /faculty/fawcett/handouts/CSE776/Presentations/Strategy/Code/Parser/Tokenizer compile.bat
2006.07.02 06:37 B C:\SU\CSE687\Code\Parser\Tokenizer\CoverSheet.doc --> ftp.ecs.syr.edu /faculty/fawcett/handouts/CSE776/Presentations/Strategy/Code/Parser/Tokenizer CoverSheet.doc
2006.07.02 06:37 B C:\SU\CSE687\Code\Parser\Tokenizer\ff.cpp --> ftp.ecs.syr.edu /faculty/fawcett/handouts/CSE776/Presentations/Strategy/Code/Parser/Tokenizer ff.cpp
2006.07.02 06:37 B C:\SU\CSE687\Code\Parser\Tokenizer\run.bat --> ftp.ecs.syr.edu /faculty/fawcett/handouts/CSE776/Presentations/Strategy/Code/Parser/Tokenizer run.bat
2006.07.02 06:37 B C:\SU\CSE687\Code\Parser\Tokenizer\tok.dat --> ftp.ecs.syr.edu /faculty/fawcett/handouts/CSE776/Presentations/Strategy/Code/Parser/Tokenizer tok.dat
2006.07.02 06:37 B C:\SU\CSE687\Code\Parser\Tokenizer\Tokenizer.doc --> ftp.ecs.syr.edu /faculty/fawcett/handouts/CSE776/Presentations/Strategy/Code/Parser/Tokenizer Tokenizer.doc
2006.07.02 06:37 B C:\SU\CSE687\Code\Parser\Tokenizer\Tokenizer.vcproj --> ftp.ecs.syr.edu /faculty/fawcett/handouts/CSE776/Presentations/Strategy/Code/Parser/Tokenizer Tokenizer.vcproj
2006.07.02 06:37 B C:\SU\CSE687\Code\Parser\Tokenizer\Tokenizer.vcproj.COLUMBIA.Administrator.user --> ftp.ecs.syr.edu /faculty/fawcett/handouts/CSE776/Presentations/Strategy/Code/Parser/Tokenizer Tokenizer.vcproj.COLUMBIA.Administrator.user
2006.07.02 06:37 B C:\SU\CSE687\Code\Parser\Tokenizer\WS_FTP.LOG --> ftp.ecs.syr.edu /faculty/fawcett/handouts/CSE776/Presentations/Strategy/Code/Parser/Tokenizer WS_FTP.LOG
2007.01.21 08:20 B C:\SU\CSE687\Code\Parser\Tokenizer\tok.dat --> ftp.ecs.syr.edu /faculty/fawcett/handouts/CSE687/code/Parser/Tokenizer tok.dat
2007.02.04 20:50 B C:\SU\CSE687\Code\Parser\Tokenizer\Tokenizer.vcproj.COLUMBIA.Administrator.user --> ftp.ecs.syr.edu /faculty/fawcett/handouts/CSE687/code/Parser/Tokenizer Tokenizer.vcproj.COLUMBIA.Administrator.user
2007.02.04 20:50 B C:\SU\CSE687\Code\Parser\Tokenizer\WS_FTP.LOG --> ftp.ecs.syr.edu /faculty/fawcett/handouts/CSE687/code/Parser/Tokenizer WS_FTP.LOG
2007.02.10 16:19 B C:\SU\CSE687\Code\Parser\Tokenizer\testBraceBug.cpp --> ftp.ecs.syr.edu /faculty/fawcett/handouts/CSE687/code/Parser/Tokenizer testBraceBug.cpp
2007.02.10 16:19 B C:\SU\CSE687\Code\Parser\Tokenizer\Tokenizer.vcproj --> ftp.ecs.syr.edu /faculty/fawcett/handouts/CSE687/code/Parser/Tokenizer Tokenizer.vcproj
2007.02.10 16:19 B C:\SU\CSE687\Code\Parser\Tokenizer\Tokenizer.vcproj.COLUMBIA.Administrator.user --> ftp.ecs.syr.edu /faculty/fawcett/handouts/CSE687/code/Parser/Tokenizer Tokenizer.vcproj.COLUMBIA.Administrator.user
