2003.03.24 11:53 B C:\SU\CSE687\Code\STL\algorithms\ALGO2\ALGO2A.CPP --> ftp.ecs.syr.edu /faculty/fawcett/handouts/CSE687/code/STL/algorithms/ALGO2 ALGO2A.CPP
2003.03.24 11:53 B C:\SU\CSE687\Code\STL\algorithms\ALGO2\ALGO2A.DAT --> ftp.ecs.syr.edu /faculty/fawcett/handouts/CSE687/code/STL/algorithms/ALGO2 ALGO2A.DAT
2003.03.24 11:53 B C:\SU\CSE687\Code\STL\algorithms\ALGO2\algo2a.prn --> ftp.ecs.syr.edu /faculty/fawcett/handouts/CSE687/code/STL/algorithms/ALGO2 algo2a.prn
2003.03.24 11:53 B C:\SU\CSE687\Code\STL\algorithms\ALGO2\ALGO2B.CPP --> ftp.ecs.syr.edu /faculty/fawcett/handouts/CSE687/code/STL/algorithms/ALGO2 ALGO2B.CPP
2003.03.24 11:53 B C:\SU\CSE687\Code\STL\algorithms\ALGO2\ALGO2B.DAT --> ftp.ecs.syr.edu /faculty/fawcett/handouts/CSE687/code/STL/algorithms/ALGO2 ALGO2B.DAT
2003.03.24 11:53 B C:\SU\CSE687\Code\STL\algorithms\ALGO2\algo2b.prn --> ftp.ecs.syr.edu /faculty/fawcett/handouts/CSE687/code/STL/algorithms/ALGO2 algo2b.prn
2003.03.24 11:53 B C:\SU\CSE687\Code\STL\algorithms\ALGO2\FF.CPP --> ftp.ecs.syr.edu /faculty/fawcett/handouts/CSE687/code/STL/algorithms/ALGO2 FF.CPP
2003.03.24 11:53 B C:\SU\CSE687\Code\STL\algorithms\ALGO2\PROJS.DAT --> ftp.ecs.syr.edu /faculty/fawcett/handouts/CSE687/code/STL/algorithms/ALGO2 PROJS.DAT
2003.03.27 16:54 B C:\SU\CSE687\Code\STL\algorithms\ALGO2\WS_FTP.LOG --> ftp.ecs.syr.edu /faculty/fawcett/handouts/CSE687/code/STL/algorithms/ALGO2 WS_FTP.LOG
2004.03.21 20:03 B C:\SU\CSE687\Code\STL\algorithms\ALGO2\ALGO2.CPP --> ftp.ecs.syr.edu /faculty/fawcett/handouts/CSE687/code/STL/algorithms/ALGO2 ALGO2.CPP
2004.03.21 20:03 B C:\SU\CSE687\Code\STL\algorithms\ALGO2\algo2.vcproj --> ftp.ecs.syr.edu /faculty/fawcett/handouts/CSE687/code/STL/algorithms/ALGO2 algo2.vcproj
2004.03.21 20:03 B C:\SU\CSE687\Code\STL\algorithms\ALGO2\WS_FTP.LOG --> ftp.ecs.syr.edu /faculty/fawcett/handouts/CSE687/code/STL/algorithms/ALGO2 WS_FTP.LOG
2004.03.24 09:57 B C:\SU\CSE687\Code\STL\algorithms\ALGO2\algo2.dat --> ftp.ecs.syr.edu /faculty/fawcett/handouts/CSE687/code/STL/algorithms/ALGO2 algo2.dat
2004.03.24 09:57 B C:\SU\CSE687\Code\STL\algorithms\ALGO2\algo2.exe --> ftp.ecs.syr.edu /faculty/fawcett/handouts/CSE687/code/STL/algorithms/ALGO2 algo2.exe
2004.03.24 09:57 B C:\SU\CSE687\Code\STL\algorithms\ALGO2\algo2.obj --> ftp.ecs.syr.edu /faculty/fawcett/handouts/CSE687/code/STL/algorithms/ALGO2 algo2.obj
2004.03.24 09:57 B C:\SU\CSE687\Code\STL\algorithms\ALGO2\algo2.prn --> ftp.ecs.syr.edu /faculty/fawcett/handouts/CSE687/code/STL/algorithms/ALGO2 algo2.prn
2004.03.24 09:57 B C:\SU\CSE687\Code\STL\algorithms\ALGO2\ff --> ftp.ecs.syr.edu /faculty/fawcett/handouts/CSE687/code/STL/algorithms/ALGO2 ff
2004.03.24 09:57 B C:\SU\CSE687\Code\STL\algorithms\ALGO2\WS_FTP.LOG --> ftp.ecs.syr.edu /faculty/fawcett/handouts/CSE687/code/STL/algorithms/ALGO2 WS_FTP.LOG
2005.03.21 09:55 B C:\SU\CSE687\Code\STL\algorithms\ALGO2\algo2.exe --> ftp.ecs.syr.edu /faculty/fawcett/handouts/CSE687/code/STL/algorithms/ALGO2 algo2.exe
2005.03.21 09:55 B C:\SU\CSE687\Code\STL\algorithms\ALGO2\algo2.obj --> ftp.ecs.syr.edu /faculty/fawcett/handouts/CSE687/code/STL/algorithms/ALGO2 algo2.obj
2005.03.21 09:55 B C:\SU\CSE687\Code\STL\algorithms\ALGO2\ff --> ftp.ecs.syr.edu /faculty/fawcett/handouts/CSE687/code/STL/algorithms/ALGO2 ff
2005.03.21 09:55 B C:\SU\CSE687\Code\STL\algorithms\ALGO2\FF.CPP --> ftp.ecs.syr.edu /faculty/fawcett/handouts/CSE687/code/STL/algorithms/ALGO2 FF.CPP
2005.03.21 09:55 B C:\SU\CSE687\Code\STL\algorithms\ALGO2\PROJS.DAT --> ftp.ecs.syr.edu /faculty/fawcett/handouts/CSE687/code/STL/algorithms/ALGO2 PROJS.DAT
2005.03.21 09:55 B C:\SU\CSE687\Code\STL\algorithms\ALGO2\WS_FTP.LOG --> ftp.ecs.syr.edu /faculty/fawcett/handouts/CSE687/code/STL/algorithms/ALGO2 WS_FTP.LOG
2005.03.28 08:15 B C:\SU\CSE687\Code\STL\algorithms\ALGO2\WS_FTP.LOG --> ftp.ecs.syr.edu /faculty/fawcett/handouts/CSE687/code/STL/algorithms/ALGO2 WS_FTP.LOG
2005.03.28 11:39 B C:\SU\CSE687\Code\STL\algorithms\ALGO2\WS_FTP.LOG --> ftp.ecs.syr.edu /faculty/fawcett/handouts/CSE687/code/STL/algorithms/ALGO2 WS_FTP.LOG
2005.03.30 11:46 B C:\SU\CSE687\Code\STL\algorithms\ALGO2\WS_FTP.LOG --> ftp.ecs.syr.edu /faculty/fawcett/handouts/CSE687/code/STL/algorithms/ALGO2 WS_FTP.LOG
2006.03.29 05:58 B C:\SU\CSE687\Code\STL\algorithms\ALGO2\WS_FTP.LOG --> ftp.ecs.syr.edu /faculty/fawcett/handouts/CSE687/code/STL/algorithms/ALGO2 WS_FTP.LOG
2006.03.29 05:58 B C:\SU\CSE687\Code\STL\algorithms\ALGO2\ff --> ftp.ecs.syr.edu /faculty/fawcett/handouts/CSE687/code/STL/algorithms/ALGO2 ff
2006.03.29 05:58 B C:\SU\CSE687\Code\STL\algorithms\ALGO2\algo2.prn --> ftp.ecs.syr.edu /faculty/fawcett/handouts/CSE687/code/STL/algorithms/ALGO2 algo2.prn
2006.03.29 05:58 B C:\SU\CSE687\Code\STL\algorithms\ALGO2\algo2.dat --> ftp.ecs.syr.edu /faculty/fawcett/handouts/CSE687/code/STL/algorithms/ALGO2 algo2.dat
2006.03.29 05:58 B C:\SU\CSE687\Code\STL\algorithms\ALGO2\algo2.exe --> ftp.ecs.syr.edu /faculty/fawcett/handouts/CSE687/code/STL/algorithms/ALGO2 algo2.exe
2006.03.29 05:58 B C:\SU\CSE687\Code\STL\algorithms\ALGO2\ALGO2.CPP --> ftp.ecs.syr.edu /faculty/fawcett/handouts/CSE687/code/STL/algorithms/ALGO2 ALGO2.CPP
2006.03.29 05:58 B C:\SU\CSE687\Code\STL\algorithms\ALGO2\algo2.vcproj --> ftp.ecs.syr.edu /faculty/fawcett/handouts/CSE687/code/STL/algorithms/ALGO2 algo2.vcproj
2006.03.29 05:58 B C:\SU\CSE687\Code\STL\algorithms\ALGO2\PROJS.DAT --> ftp.ecs.syr.edu /faculty/fawcett/handouts/CSE687/code/STL/algorithms/ALGO2 PROJS.DAT
2006.03.29 05:58 B C:\SU\CSE687\Code\STL\algorithms\ALGO2\FF.CPP --> ftp.ecs.syr.edu /faculty/fawcett/handouts/CSE687/code/STL/algorithms/ALGO2 FF.CPP
