Build started 2/16/2011 12:02:31 AM.
     1>Project "C:\Users\Ider\Project\SU\CSE687-OOD\Examples\FileSystemDemo\FileSystemDemo\FileSystemDemo.vcxproj" on node 2 (build target(s)).
     1>InitializeBuildStatus:
         Creating "Debug\FileSystemDemo.unsuccessfulbuild" because "AlwaysCreate" was specified.
       ClCompile:
         C:\Program Files (Ider)\Microsoft Visual Studio 10.0\VC\bin\CL.exe /c /ZI /nologo /W3 /WX- /Od /Oy- /D WIN32 /D _DEBUG /D _CONSOLE /D TEST_FILESYSTEM /D _UNICODE /D UNICODE /Gm /EHsc /RTC1 /MDd /GS /fp:precise /Zc:wchar_t /Zc:forScope /Fo"Debug\\" /Fd"Debug\vc100.pdb" /Gd /TP /analyze- /errorReport:prompt FileSystem.cpp
         FileSystem.cpp
       ManifestResourceCompile:
         C:\Program Files (x86)\Microsoft SDKs\Windows\v7.0A\bin\rc.exe /nologo /fo"Debug\FileSystemDemo.exe.embed.manifest.res" Debug\FileSystemDemo_manifest.rc 
       Link:
         C:\Program Files (Ider)\Microsoft Visual Studio 10.0\VC\bin\link.exe /ERRORREPORT:PROMPT /OUT:"C:\Users\Ider\Project\SU\CSE687-OOD\Examples\FileSystemDemo\Debug\FileSystemDemo.exe" /INCREMENTAL /NOLOGO kernel32.lib user32.lib gdi32.lib winspool.lib comdlg32.lib advapi32.lib shell32.lib ole32.lib oleaut32.lib uuid.lib odbc32.lib odbccp32.lib /MANIFEST /ManifestFile:"Debug\FileSystemDemo.exe.intermediate.manifest" /MANIFESTUAC:"level='asInvoker' uiAccess='false'" /DEBUG /PDB:"C:\Users\Ider\Project\SU\CSE687-OOD\Examples\FileSystemDemo\Debug\FileSystemDemo.pdb" /SUBSYSTEM:CONSOLE /TLBID:1 /DYNAMICBASE /NXCOMPAT /IMPLIB:"C:\Users\Ider\Project\SU\CSE687-OOD\Examples\FileSystemDemo\Debug\FileSystemDemo.lib" /MACHINE:X86 Debug\FileSystemDemo.exe.embed.manifest.res
         Debug\FileSystem.obj
       Manifest:
         C:\Program Files (x86)\Microsoft SDKs\Windows\v7.0A\bin\mt.exe /nologo /verbose /out:"Debug\FileSystemDemo.exe.embed.manifest" /manifest Debug\FileSystemDemo.exe.intermediate.manifest
         C:\Program Files (x86)\Microsoft SDKs\Windows\v7.0A\bin\rc.exe /nologo /fo"Debug\FileSystemDemo.exe.embed.manifest.res" Debug\FileSystemDemo_manifest.rc 
       LinkEmbedManifest:
         C:\Program Files (Ider)\Microsoft Visual Studio 10.0\VC\bin\link.exe /ERRORREPORT:PROMPT /OUT:"C:\Users\Ider\Project\SU\CSE687-OOD\Examples\FileSystemDemo\Debug\FileSystemDemo.exe" /INCREMENTAL /NOLOGO kernel32.lib user32.lib gdi32.lib winspool.lib comdlg32.lib advapi32.lib shell32.lib ole32.lib oleaut32.lib uuid.lib odbc32.lib odbccp32.lib /MANIFEST /ManifestFile:"Debug\FileSystemDemo.exe.intermediate.manifest" /MANIFESTUAC:"level='asInvoker' uiAccess='false'" /DEBUG /PDB:"C:\Users\Ider\Project\SU\CSE687-OOD\Examples\FileSystemDemo\Debug\FileSystemDemo.pdb" /SUBSYSTEM:CONSOLE /TLBID:1 /DYNAMICBASE /NXCOMPAT /IMPLIB:"C:\Users\Ider\Project\SU\CSE687-OOD\Examples\FileSystemDemo\Debug\FileSystemDemo.lib" /MACHINE:X86 Debug\FileSystemDemo.exe.embed.manifest.res
         Debug\FileSystem.obj
         FileSystemDemo.vcxproj -> C:\Users\Ider\Project\SU\CSE687-OOD\Examples\FileSystemDemo\Debug\FileSystemDemo.exe
       FinalizeBuildStatus:
         Deleting file "Debug\FileSystemDemo.unsuccessfulbuild".
         Touching "Debug\FileSystemDemo.lastbuildstate".
     1>Done Building Project "C:\Users\Ider\Project\SU\CSE687-OOD\Examples\FileSystemDemo\FileSystemDemo\FileSystemDemo.vcxproj" (build target(s)).

Build succeeded.

Time Elapsed 00:00:02.37
