2003.03.24 11:54 B C:\SU\CSE687\Code\STL\functors\ff --> ftp.ecs.syr.edu /faculty/fawcett/handouts/CSE687/code/STL/functors ff
2003.03.24 11:54 B C:\SU\CSE687\Code\STL\functors\FILEINFO.CPP --> ftp.ecs.syr.edu /faculty/fawcett/handouts/CSE687/code/STL/functors FILEINFO.CPP
2003.03.24 11:54 B C:\SU\CSE687\Code\STL\functors\fileInfo.dat --> ftp.ecs.syr.edu /faculty/fawcett/handouts/CSE687/code/STL/functors fileInfo.dat
2003.03.24 11:54 B C:\SU\CSE687\Code\STL\functors\FILEINFO.H --> ftp.ecs.syr.edu /faculty/fawcett/handouts/CSE687/code/STL/functors FILEINFO.H
2003.03.24 11:54 B C:\SU\CSE687\Code\STL\functors\fileinfos.dat --> ftp.ecs.syr.edu /faculty/fawcett/handouts/CSE687/code/STL/functors fileinfos.dat
2003.03.24 11:54 B C:\SU\CSE687\Code\STL\functors\fileInfos.dsp --> ftp.ecs.syr.edu /faculty/fawcett/handouts/CSE687/code/STL/functors fileInfos.dsp
2003.03.24 11:54 B C:\SU\CSE687\Code\STL\functors\fileInfos.plg --> ftp.ecs.syr.edu /faculty/fawcett/handouts/CSE687/code/STL/functors fileInfos.plg
2003.03.24 11:54 B C:\SU\CSE687\Code\STL\functors\fileinfos.prn --> ftp.ecs.syr.edu /faculty/fawcett/handouts/CSE687/code/STL/functors fileinfos.prn
2003.03.24 11:54 B C:\SU\CSE687\Code\STL\functors\files.cpp --> ftp.ecs.syr.edu /faculty/fawcett/handouts/CSE687/code/STL/functors files.cpp
2003.03.24 11:54 B C:\SU\CSE687\Code\STL\functors\functors.dsw --> ftp.ecs.syr.edu /faculty/fawcett/handouts/CSE687/code/STL/functors functors.dsw
2003.03.24 11:54 B C:\SU\CSE687\Code\STL\functors\functors.ncb --> ftp.ecs.syr.edu /faculty/fawcett/handouts/CSE687/code/STL/functors functors.ncb
2003.03.24 11:54 B C:\SU\CSE687\Code\STL\functors\functors.opt --> ftp.ecs.syr.edu /faculty/fawcett/handouts/CSE687/code/STL/functors functors.opt
2003.03.24 11:54 B C:\SU\CSE687\Code\STL\functors\includes.bat --> ftp.ecs.syr.edu /faculty/fawcett/handouts/CSE687/code/STL/functors includes.bat
2003.03.24 11:54 B C:\SU\CSE687\Code\STL\functors\lines --> ftp.ecs.syr.edu /faculty/fawcett/handouts/CSE687/code/STL/functors lines
2003.03.24 11:54 B C:\SU\CSE687\Code\STL\functors\order.cpp --> ftp.ecs.syr.edu /faculty/fawcett/handouts/CSE687/code/STL/functors order.cpp
2003.03.24 11:54 B C:\SU\CSE687\Code\STL\functors\order.dat --> ftp.ecs.syr.edu /faculty/fawcett/handouts/CSE687/code/STL/functors order.dat
2003.03.24 11:54 B C:\SU\CSE687\Code\STL\functors\order.dsp --> ftp.ecs.syr.edu /faculty/fawcett/handouts/CSE687/code/STL/functors order.dsp
2003.03.24 11:54 B C:\SU\CSE687\Code\STL\functors\order.exe --> ftp.ecs.syr.edu /faculty/fawcett/handouts/CSE687/code/STL/functors order.exe
2003.03.24 11:54 B C:\SU\CSE687\Code\STL\functors\order.obj --> ftp.ecs.syr.edu /faculty/fawcett/handouts/CSE687/code/STL/functors order.obj
2003.03.24 11:54 B C:\SU\CSE687\Code\STL\functors\order.plg --> ftp.ecs.syr.edu /faculty/fawcett/handouts/CSE687/code/STL/functors order.plg
2003.03.24 11:54 B C:\SU\CSE687\Code\STL\functors\order.prn --> ftp.ecs.syr.edu /faculty/fawcett/handouts/CSE687/code/STL/functors order.prn
2003.03.24 11:54 B C:\SU\CSE687\Code\STL\functors\setup.bat --> ftp.ecs.syr.edu /faculty/fawcett/handouts/CSE687/code/STL/functors setup.bat
2003.03.24 11:55 B C:\SU\CSE687\Code\STL\functors\vc60.idb --> ftp.ecs.syr.edu /faculty/fawcett/handouts/CSE687/code/STL/functors vc60.idb
2003.03.24 11:55 B C:\SU\CSE687\Code\STL\functors\vc60.pdb --> ftp.ecs.syr.edu /faculty/fawcett/handouts/CSE687/code/STL/functors vc60.pdb
2003.03.27 16:54 B C:\SU\CSE687\Code\STL\functors\fileInfos.vcproj --> ftp.ecs.syr.edu /faculty/fawcett/handouts/CSE687/code/STL/functors fileInfos.vcproj
2003.03.27 16:54 B C:\SU\CSE687\Code\STL\functors\functors.ncb --> ftp.ecs.syr.edu /faculty/fawcett/handouts/CSE687/code/STL/functors functors.ncb
2003.03.27 16:54 B C:\SU\CSE687\Code\STL\functors\functors.sln --> ftp.ecs.syr.edu /faculty/fawcett/handouts/CSE687/code/STL/functors functors.sln
2003.03.27 16:54 B C:\SU\CSE687\Code\STL\functors\functors.suo --> ftp.ecs.syr.edu /faculty/fawcett/handouts/CSE687/code/STL/functors functors.suo
2003.03.27 16:54 B C:\SU\CSE687\Code\STL\functors\order.vcproj --> ftp.ecs.syr.edu /faculty/fawcett/handouts/CSE687/code/STL/functors order.vcproj
2003.03.27 16:54 B C:\SU\CSE687\Code\STL\functors\WS_FTP.LOG --> ftp.ecs.syr.edu /faculty/fawcett/handouts/CSE687/code/STL/functors WS_FTP.LOG
2004.03.21 20:06 B C:\SU\CSE687\Code\STL\functors\functors.ncb --> ftp.ecs.syr.edu /faculty/fawcett/handouts/CSE687/code/STL/functors functors.ncb
2004.03.21 20:06 B C:\SU\CSE687\Code\STL\functors\functors.suo --> ftp.ecs.syr.edu /faculty/fawcett/handouts/CSE687/code/STL/functors functors.suo
2004.03.21 20:06 B C:\SU\CSE687\Code\STL\functors\WS_FTP.LOG --> ftp.ecs.syr.edu /faculty/fawcett/handouts/CSE687/code/STL/functors WS_FTP.LOG
2004.03.24 10:02 B C:\SU\CSE687\Code\STL\functors\ff --> ftp.ecs.syr.edu /faculty/fawcett/handouts/CSE687/code/STL/functors ff
2004.03.24 10:02 B C:\SU\CSE687\Code\STL\functors\fileInfos.vcproj --> ftp.ecs.syr.edu /faculty/fawcett/handouts/CSE687/code/STL/functors fileInfos.vcproj
2004.03.24 10:02 B C:\SU\CSE687\Code\STL\functors\fileInfos.vcproj.old --> ftp.ecs.syr.edu /faculty/fawcett/handouts/CSE687/code/STL/functors fileInfos.vcproj.old
2004.03.24 10:02 B C:\SU\CSE687\Code\STL\functors\order.dat --> ftp.ecs.syr.edu /faculty/fawcett/handouts/CSE687/code/STL/functors order.dat
2004.03.24 10:02 B C:\SU\CSE687\Code\STL\functors\order.exe --> ftp.ecs.syr.edu /faculty/fawcett/handouts/CSE687/code/STL/functors order.exe
2004.03.24 10:02 B C:\SU\CSE687\Code\STL\functors\order.obj --> ftp.ecs.syr.edu /faculty/fawcett/handouts/CSE687/code/STL/functors order.obj
2004.03.24 10:02 B C:\SU\CSE687\Code\STL\functors\order.prn --> ftp.ecs.syr.edu /faculty/fawcett/handouts/CSE687/code/STL/functors order.prn
2004.03.24 10:02 B C:\SU\CSE687\Code\STL\functors\order.vcproj --> ftp.ecs.syr.edu /faculty/fawcett/handouts/CSE687/code/STL/functors order.vcproj
2004.03.24 10:03 B C:\SU\CSE687\Code\STL\functors\order.vcproj.old --> ftp.ecs.syr.edu /faculty/fawcett/handouts/CSE687/code/STL/functors order.vcproj.old
2004.03.24 10:03 B C:\SU\CSE687\Code\STL\functors\WS_FTP.LOG --> ftp.ecs.syr.edu /faculty/fawcett/handouts/CSE687/code/STL/functors WS_FTP.LOG
2005.03.21 10:02 B C:\SU\CSE687\Code\STL\functors\ff --> ftp.ecs.syr.edu /faculty/fawcett/handouts/CSE687/code/STL/functors ff
2005.03.21 10:02 B C:\SU\CSE687\Code\STL\functors\fileInfos.dsp --> ftp.ecs.syr.edu /faculty/fawcett/handouts/CSE687/code/STL/functors fileInfos.dsp
2005.03.21 10:02 B C:\SU\CSE687\Code\STL\functors\fileInfos.plg --> ftp.ecs.syr.edu /faculty/fawcett/handouts/CSE687/code/STL/functors fileInfos.plg
2005.03.21 10:02 B C:\SU\CSE687\Code\STL\functors\fileInfos.vcproj.old --> ftp.ecs.syr.edu /faculty/fawcett/handouts/CSE687/code/STL/functors fileInfos.vcproj.old
2005.03.21 10:02 B C:\SU\CSE687\Code\STL\functors\functors.dsw --> ftp.ecs.syr.edu /faculty/fawcett/handouts/CSE687/code/STL/functors functors.dsw
2005.03.21 10:02 B C:\SU\CSE687\Code\STL\functors\functors.ncb --> ftp.ecs.syr.edu /faculty/fawcett/handouts/CSE687/code/STL/functors functors.ncb
2005.03.21 10:02 B C:\SU\CSE687\Code\STL\functors\functors.opt --> ftp.ecs.syr.edu /faculty/fawcett/handouts/CSE687/code/STL/functors functors.opt
2005.03.21 10:02 B C:\SU\CSE687\Code\STL\functors\lines --> ftp.ecs.syr.edu /faculty/fawcett/handouts/CSE687/code/STL/functors lines
2005.03.21 10:02 B C:\SU\CSE687\Code\STL\functors\order.dsp --> ftp.ecs.syr.edu /faculty/fawcett/handouts/CSE687/code/STL/functors order.dsp
2005.03.21 10:02 B C:\SU\CSE687\Code\STL\functors\order.exe --> ftp.ecs.syr.edu /faculty/fawcett/handouts/CSE687/code/STL/functors order.exe
2005.03.21 10:02 B C:\SU\CSE687\Code\STL\functors\order.obj --> ftp.ecs.syr.edu /faculty/fawcett/handouts/CSE687/code/STL/functors order.obj
2005.03.21 10:02 B C:\SU\CSE687\Code\STL\functors\order.plg --> ftp.ecs.syr.edu /faculty/fawcett/handouts/CSE687/code/STL/functors order.plg
2005.03.21 10:02 B C:\SU\CSE687\Code\STL\functors\order.vcproj.old --> ftp.ecs.syr.edu /faculty/fawcett/handouts/CSE687/code/STL/functors order.vcproj.old
2005.03.21 10:02 B C:\SU\CSE687\Code\STL\functors\vc60.idb --> ftp.ecs.syr.edu /faculty/fawcett/handouts/CSE687/code/STL/functors vc60.idb
2005.03.21 10:02 B C:\SU\CSE687\Code\STL\functors\vc60.pdb --> ftp.ecs.syr.edu /faculty/fawcett/handouts/CSE687/code/STL/functors vc60.pdb
2005.03.21 10:02 B C:\SU\CSE687\Code\STL\functors\WS_FTP.LOG --> ftp.ecs.syr.edu /faculty/fawcett/handouts/CSE687/code/STL/functors WS_FTP.LOG
2005.03.28 08:16 B C:\SU\CSE687\Code\STL\functors\files.prn --> ftp.ecs.syr.edu /faculty/fawcett/handouts/CSE687/code/STL/functors files.prn
2005.03.28 08:16 B C:\SU\CSE687\Code\STL\functors\WS_FTP.LOG --> ftp.ecs.syr.edu /faculty/fawcett/handouts/CSE687/code/STL/functors WS_FTP.LOG
2005.03.28 11:39 B C:\SU\CSE687\Code\STL\functors\WS_FTP.LOG --> ftp.ecs.syr.edu /faculty/fawcett/handouts/CSE687/code/STL/functors WS_FTP.LOG
2005.03.30 11:51 B C:\SU\CSE687\Code\STL\functors\WS_FTP.LOG --> ftp.ecs.syr.edu /faculty/fawcett/handouts/CSE687/code/STL/functors WS_FTP.LOG
2006.03.29 05:55 B C:\SU\CSE687\Code\STL\functors\order.vcproj.COLUMBIA.Administrator.user --> ftp.ecs.syr.edu /faculty/fawcett/handouts/CSE687/code/STL/functors order.vcproj.COLUMBIA.Administrator.user
2006.03.29 05:55 B C:\SU\CSE687\Code\STL\functors\fileInfos.vcproj.COLUMBIA.Administrator.user --> ftp.ecs.syr.edu /faculty/fawcett/handouts/CSE687/code/STL/functors fileInfos.vcproj.COLUMBIA.Administrator.user
2006.03.29 05:55 B C:\SU\CSE687\Code\STL\functors\FILEINFO.CPP --> ftp.ecs.syr.edu /faculty/fawcett/handouts/CSE687/code/STL/functors FILEINFO.CPP
2006.03.29 05:55 B C:\SU\CSE687\Code\STL\functors\order.vcproj --> ftp.ecs.syr.edu /faculty/fawcett/handouts/CSE687/code/STL/functors order.vcproj
2006.03.29 05:55 B C:\SU\CSE687\Code\STL\functors\fileInfos.vcproj --> ftp.ecs.syr.edu /faculty/fawcett/handouts/CSE687/code/STL/functors fileInfos.vcproj
2006.03.29 05:55 B C:\SU\CSE687\Code\STL\functors\WS_FTP.LOG --> ftp.ecs.syr.edu /faculty/fawcett/handouts/CSE687/code/STL/functors WS_FTP.LOG
2006.03.29 05:55 B C:\SU\CSE687\Code\STL\functors\files.prn --> ftp.ecs.syr.edu /faculty/fawcett/handouts/CSE687/code/STL/functors files.prn
2006.03.29 05:55 B C:\SU\CSE687\Code\STL\functors\order.prn --> ftp.ecs.syr.edu /faculty/fawcett/handouts/CSE687/code/STL/functors order.prn
2006.03.29 05:55 B C:\SU\CSE687\Code\STL\functors\ff --> ftp.ecs.syr.edu /faculty/fawcett/handouts/CSE687/code/STL/functors ff
2006.03.29 05:55 B C:\SU\CSE687\Code\STL\functors\order.exe --> ftp.ecs.syr.edu /faculty/fawcett/handouts/CSE687/code/STL/functors order.exe
2006.03.29 05:55 B C:\SU\CSE687\Code\STL\functors\order.dat --> ftp.ecs.syr.edu /faculty/fawcett/handouts/CSE687/code/STL/functors order.dat
2006.03.29 05:55 B C:\SU\CSE687\Code\STL\functors\functors.suo --> ftp.ecs.syr.edu /faculty/fawcett/handouts/CSE687/code/STL/functors functors.suo
2006.03.29 05:55 B C:\SU\CSE687\Code\STL\functors\functors.sln --> ftp.ecs.syr.edu /faculty/fawcett/handouts/CSE687/code/STL/functors functors.sln
2006.03.29 05:55 B C:\SU\CSE687\Code\STL\functors\functors.opt --> ftp.ecs.syr.edu /faculty/fawcett/handouts/CSE687/code/STL/functors functors.opt
2006.03.29 05:55 B C:\SU\CSE687\Code\STL\functors\order.plg --> ftp.ecs.syr.edu /faculty/fawcett/handouts/CSE687/code/STL/functors order.plg
2006.03.29 05:55 B C:\SU\CSE687\Code\STL\functors\order.cpp --> ftp.ecs.syr.edu /faculty/fawcett/handouts/CSE687/code/STL/functors order.cpp
2006.03.29 05:55 B C:\SU\CSE687\Code\STL\functors\functors.dsw --> ftp.ecs.syr.edu /faculty/fawcett/handouts/CSE687/code/STL/functors functors.dsw
2006.03.29 05:55 B C:\SU\CSE687\Code\STL\functors\setup.bat --> ftp.ecs.syr.edu /faculty/fawcett/handouts/CSE687/code/STL/functors setup.bat
2006.03.29 05:55 B C:\SU\CSE687\Code\STL\functors\includes.bat --> ftp.ecs.syr.edu /faculty/fawcett/handouts/CSE687/code/STL/functors includes.bat
2006.03.29 05:55 B C:\SU\CSE687\Code\STL\functors\fileInfos.plg --> ftp.ecs.syr.edu /faculty/fawcett/handouts/CSE687/code/STL/functors fileInfos.plg
2006.03.29 05:55 B C:\SU\CSE687\Code\STL\functors\lines --> ftp.ecs.syr.edu /faculty/fawcett/handouts/CSE687/code/STL/functors lines
2006.03.29 05:55 B C:\SU\CSE687\Code\STL\functors\fileinfos.prn --> ftp.ecs.syr.edu /faculty/fawcett/handouts/CSE687/code/STL/functors fileinfos.prn
2006.03.29 05:55 B C:\SU\CSE687\Code\STL\functors\fileInfo.dat --> ftp.ecs.syr.edu /faculty/fawcett/handouts/CSE687/code/STL/functors fileInfo.dat
2006.03.29 05:55 B C:\SU\CSE687\Code\STL\functors\files.cpp --> ftp.ecs.syr.edu /faculty/fawcett/handouts/CSE687/code/STL/functors files.cpp
2006.03.29 05:55 B C:\SU\CSE687\Code\STL\functors\order.dsp --> ftp.ecs.syr.edu /faculty/fawcett/handouts/CSE687/code/STL/functors order.dsp
2006.03.29 05:55 B C:\SU\CSE687\Code\STL\functors\fileInfos.dsp --> ftp.ecs.syr.edu /faculty/fawcett/handouts/CSE687/code/STL/functors fileInfos.dsp
2006.03.29 05:55 B C:\SU\CSE687\Code\STL\functors\fileinfos.dat --> ftp.ecs.syr.edu /faculty/fawcett/handouts/CSE687/code/STL/functors fileinfos.dat
2006.03.29 05:55 B C:\SU\CSE687\Code\STL\functors\FILEINFO.H --> ftp.ecs.syr.edu /faculty/fawcett/handouts/CSE687/code/STL/functors FILEINFO.H
2007.04.03 18:22 B C:\SU\CSE687\Code\STL\functors\order.vcproj.COLUMBIA.Administrator.user --> ftp.ecs.syr.edu /faculty/fawcett/handouts/CSE687/code/STL/functors order.vcproj.COLUMBIA.Administrator.user
2007.04.03 18:22 B C:\SU\CSE687\Code\STL\functors\fileInfos.vcproj.COLUMBIA.Administrator.user --> ftp.ecs.syr.edu /faculty/fawcett/handouts/CSE687/code/STL/functors fileInfos.vcproj.COLUMBIA.Administrator.user
