2006.01.15 20:55 B C:\SU\CSE687\Code\Project1HelpS06\DerivedRulesAndActions\DerivedRulesAndActions.vcproj --> ftp.ecs.syr.edu /faculty/fawcett/handouts/CSE687/code/Project1HelpS06/DerivedRulesAndActions DerivedRulesAndActions.vcproj
2006.01.15 20:55 B C:\SU\CSE687\Code\Project1HelpS06\DerivedRulesAndActions\DerivedRulesAndActions.vcproj.COLUMBIA.Administrator.user --> ftp.ecs.syr.edu /faculty/fawcett/handouts/CSE687/code/Project1HelpS06/DerivedRulesAndActions DerivedRulesAndActions.vcproj.COLUMBIA.Administrator.user
2006.01.15 20:55 B C:\SU\CSE687\Code\Project1HelpS06\DerivedRulesAndActions\run.bat --> ftp.ecs.syr.edu /faculty/fawcett/handouts/CSE687/code/Project1HelpS06/DerivedRulesAndActions run.bat
2006.01.15 20:58 B C:\SU\CSE687\Code\Project1HelpS06\DerivedRulesAndActions\WS_FTP.LOG --> ftp.ecs.syr.edu /faculty/fawcett/handouts/CSE687/code/Project1HelpS06/DerivedRulesAndActions WS_FTP.LOG
2006.01.17 21:09 B C:\SU\CSE687\Code\Parser\DerivedRulesAndActions\actions.dat --> ftp.ecs.syr.edu /faculty/fawcett/handouts/CSE687/code/Parser/DerivedRulesAndActions actions.dat
2006.01.17 21:09 B C:\SU\CSE687\Code\Parser\DerivedRulesAndActions\anal.dat --> ftp.ecs.syr.edu /faculty/fawcett/handouts/CSE687/code/Parser/DerivedRulesAndActions anal.dat
2006.01.17 21:09 B C:\SU\CSE687\Code\Parser\DerivedRulesAndActions\compile.bat --> ftp.ecs.syr.edu /faculty/fawcett/handouts/CSE687/code/Parser/DerivedRulesAndActions compile.bat
2006.01.17 21:09 B C:\SU\CSE687\Code\Parser\DerivedRulesAndActions\DerivedRulesAndActions.vcproj --> ftp.ecs.syr.edu /faculty/fawcett/handouts/CSE687/code/Parser/DerivedRulesAndActions DerivedRulesAndActions.vcproj
2006.01.17 21:09 B C:\SU\CSE687\Code\Parser\DerivedRulesAndActions\DerivedRulesAndActions.vcproj.COLUMBIA.Administrator.user --> ftp.ecs.syr.edu /faculty/fawcett/handouts/CSE687/code/Parser/DerivedRulesAndActions DerivedRulesAndActions.vcproj.COLUMBIA.Administrator.user
2006.01.17 21:09 B C:\SU\CSE687\Code\Parser\DerivedRulesAndActions\run.bat --> ftp.ecs.syr.edu /faculty/fawcett/handouts/CSE687/code/Parser/DerivedRulesAndActions run.bat
2006.01.17 21:09 B C:\SU\CSE687\Code\Parser\DerivedRulesAndActions\WS_FTP.LOG --> ftp.ecs.syr.edu /faculty/fawcett/handouts/CSE687/code/Parser/DerivedRulesAndActions WS_FTP.LOG
2006.02.01 08:46 B C:\SU\CSE687\Code\Parser\DerivedRulesAndActions\actions.dat --> ftp.ecs.syr.edu /faculty/fawcett/handouts/CSE687/code/Parser/DerivedRulesAndActions actions.dat
2006.02.01 08:46 B C:\SU\CSE687\Code\Parser\DerivedRulesAndActions\anal.dat --> ftp.ecs.syr.edu /faculty/fawcett/handouts/CSE687/code/Parser/DerivedRulesAndActions anal.dat
2006.02.01 08:46 B C:\SU\CSE687\Code\Parser\DerivedRulesAndActions\compile.bat --> ftp.ecs.syr.edu /faculty/fawcett/handouts/CSE687/code/Parser/DerivedRulesAndActions compile.bat
2006.02.01 08:46 B C:\SU\CSE687\Code\Parser\DerivedRulesAndActions\DerivedRulesAndActions.vcproj --> ftp.ecs.syr.edu /faculty/fawcett/handouts/CSE687/code/Parser/DerivedRulesAndActions DerivedRulesAndActions.vcproj
2006.02.01 08:46 B C:\SU\CSE687\Code\Parser\DerivedRulesAndActions\DerivedRulesAndActions.vcproj.COLUMBIA.Administrator.user --> ftp.ecs.syr.edu /faculty/fawcett/handouts/CSE687/code/Parser/DerivedRulesAndActions DerivedRulesAndActions.vcproj.COLUMBIA.Administrator.user
2006.02.01 08:46 B C:\SU\CSE687\Code\Parser\DerivedRulesAndActions\run.bat --> ftp.ecs.syr.edu /faculty/fawcett/handouts/CSE687/code/Parser/DerivedRulesAndActions run.bat
2006.02.01 08:46 B C:\SU\CSE687\Code\Parser\DerivedRulesAndActions\WS_FTP.LOG --> ftp.ecs.syr.edu /faculty/fawcett/handouts/CSE687/code/Parser/DerivedRulesAndActions WS_FTP.LOG
2006.02.06 10:34 B C:\SU\CSE687\Code\Parser\DerivedRulesAndActions\DerivedRulesAndActions.vcproj.COLUMBIA.Administrator.user --> ftp.ecs.syr.edu /faculty/fawcett/handouts/CSE687/code/Parser/DerivedRulesAndActions DerivedRulesAndActions.vcproj.COLUMBIA.Administrator.user
2006.02.06 10:37 B C:\SU\CSE687\Code\Parser\DerivedRulesAndActions\WS_FTP.LOG --> ftp.ecs.syr.edu /faculty/fawcett/handouts/CSE687/code/Parser/DerivedRulesAndActions WS_FTP.LOG
2006.02.06 10:47 B C:\SU\CSE687\Code\Parser\DerivedRulesAndActions\DerivedRulesAndActions.vcproj.COLUMBIA.Administrator.user --> ftp.ecs.syr.edu /faculty/fawcett/handouts/CSE687/code/Project1HelpS06/DerivedRulesAndActions DerivedRulesAndActions.vcproj.COLUMBIA.Administrator.user
2006.02.06 10:47 B C:\SU\CSE687\Code\Parser\DerivedRulesAndActions\WS_FTP.LOG --> ftp.ecs.syr.edu /faculty/fawcett/handouts/CSE687/code/Project1HelpS06/DerivedRulesAndActions WS_FTP.LOG
2006.02.10 04:23 B C:\SU\CSE687\Code\Parser\DerivedRulesAndActions\DerivedRulesAndActions.vcproj.COLUMBIA.Administrator.user --> ftp.ecs.syr.edu /faculty/fawcett/handouts/CSE687/code/Parser/DerivedRulesAndActions DerivedRulesAndActions.vcproj.COLUMBIA.Administrator.user
2006.02.10 04:23 B C:\SU\CSE687\Code\Parser\DerivedRulesAndActions\WS_FTP.LOG --> ftp.ecs.syr.edu /faculty/fawcett/handouts/CSE687/code/Parser/DerivedRulesAndActions WS_FTP.LOG
2006.02.10 04:35 B C:\SU\CSE687\Code\Parser\DerivedRulesAndActions\DerivedRulesAndActions.vcproj.COLUMBIA.Administrator.user --> ftp.ecs.syr.edu /faculty/fawcett/handouts/CSE687/code/Project1HelpS06/DerivedRulesAndActions DerivedRulesAndActions.vcproj.COLUMBIA.Administrator.user
2006.02.10 04:35 B C:\SU\CSE687\Code\Parser\DerivedRulesAndActions\WS_FTP.LOG --> ftp.ecs.syr.edu /faculty/fawcett/handouts/CSE687/code/Project1HelpS06/DerivedRulesAndActions WS_FTP.LOG
2006.02.26 20:54 B C:\SU\CSE687\Code\Parser\DerivedRulesAndActions\DerivedRulesAndActions.vcproj.COLUMBIA.Administrator.user --> ftp.ecs.syr.edu /faculty/fawcett/handouts/CSE687/code/Parser/DerivedRulesAndActions DerivedRulesAndActions.vcproj.COLUMBIA.Administrator.user
2006.02.26 20:54 B C:\SU\CSE687\Code\Parser\DerivedRulesAndActions\WS_FTP.LOG --> ftp.ecs.syr.edu /faculty/fawcett/handouts/CSE687/code/Parser/DerivedRulesAndActions WS_FTP.LOG
2006.02.28 09:34 B C:\SU\CSE687\Code\Parser\DerivedRulesAndActions\DerivedRulesAndActions.vcproj.COLUMBIA.Administrator.user --> ftp.ecs.syr.edu /faculty/fawcett/handouts/CSE687/code/Parser/DerivedRulesAndActions DerivedRulesAndActions.vcproj.COLUMBIA.Administrator.user
2006.07.02 06:36 B C:\SU\CSE687\Code\Parser\DerivedRulesAndActions\actions.dat --> ftp.ecs.syr.edu /faculty/fawcett/handouts/CSE776/Presentations/Strategy/Code/Parser/DerivedRulesAndActions actions.dat
2006.07.02 06:36 B C:\SU\CSE687\Code\Parser\DerivedRulesAndActions\anal.dat --> ftp.ecs.syr.edu /faculty/fawcett/handouts/CSE776/Presentations/Strategy/Code/Parser/DerivedRulesAndActions anal.dat
2006.07.02 06:36 B C:\SU\CSE687\Code\Parser\DerivedRulesAndActions\compile.bat --> ftp.ecs.syr.edu /faculty/fawcett/handouts/CSE776/Presentations/Strategy/Code/Parser/DerivedRulesAndActions compile.bat
2006.07.02 06:36 B C:\SU\CSE687\Code\Parser\DerivedRulesAndActions\DerivedRulesAndActions.vcproj --> ftp.ecs.syr.edu /faculty/fawcett/handouts/CSE776/Presentations/Strategy/Code/Parser/DerivedRulesAndActions DerivedRulesAndActions.vcproj
2006.07.02 06:36 B C:\SU\CSE687\Code\Parser\DerivedRulesAndActions\DerivedRulesAndActions.vcproj.COLUMBIA.Administrator.user --> ftp.ecs.syr.edu /faculty/fawcett/handouts/CSE776/Presentations/Strategy/Code/Parser/DerivedRulesAndActions DerivedRulesAndActions.vcproj.COLUMBIA.Administrator.user
2006.07.02 06:36 B C:\SU\CSE687\Code\Parser\DerivedRulesAndActions\run.bat --> ftp.ecs.syr.edu /faculty/fawcett/handouts/CSE776/Presentations/Strategy/Code/Parser/DerivedRulesAndActions run.bat
2006.07.02 06:36 B C:\SU\CSE687\Code\Parser\DerivedRulesAndActions\WS_FTP.LOG --> ftp.ecs.syr.edu /faculty/fawcett/handouts/CSE776/Presentations/Strategy/Code/Parser/DerivedRulesAndActions WS_FTP.LOG
2007.02.04 20:51 B C:\SU\CSE687\Code\Parser\DerivedRulesAndActions\DerivedRulesAndActions.vcproj.COLUMBIA.Administrator.user --> ftp.ecs.syr.edu /faculty/fawcett/handouts/CSE687/code/Parser/DerivedRulesAndActions DerivedRulesAndActions.vcproj.COLUMBIA.Administrator.user
2007.02.04 20:51 B C:\SU\CSE687\Code\Parser\DerivedRulesAndActions\WS_FTP.LOG --> ftp.ecs.syr.edu /faculty/fawcett/handouts/CSE687/code/Parser/DerivedRulesAndActions WS_FTP.LOG
2007.02.10 16:19 B C:\SU\CSE687\Code\Parser\DerivedRulesAndActions\DerivedRulesAndActions.vcproj.COLUMBIA.Administrator.user --> ftp.ecs.syr.edu /faculty/fawcett/handouts/CSE687/code/Parser/DerivedRulesAndActions DerivedRulesAndActions.vcproj.COLUMBIA.Administrator.user
