2006.02.06 10:34 B C:\SU\CSE687\Code\Parser\RecursiveScanner\CoverSheet.doc --> ftp.ecs.syr.edu /faculty/fawcett/handouts/CSE687/code/Parser/RecursiveScanner CoverSheet.doc
2006.02.06 10:35 B C:\SU\CSE687\Code\Parser\RecursiveScanner\RecScan.doc --> ftp.ecs.syr.edu /faculty/fawcett/handouts/CSE687/code/Parser/RecursiveScanner RecScan.doc
2006.02.06 10:35 B C:\SU\CSE687\Code\Parser\RecursiveScanner\RecursiveScanner.vcproj --> ftp.ecs.syr.edu /faculty/fawcett/handouts/CSE687/code/Parser/RecursiveScanner RecursiveScanner.vcproj
2006.02.06 10:35 B C:\SU\CSE687\Code\Parser\RecursiveScanner\RecursiveScanner.vcproj.COLUMBIA.Administrator.user --> ftp.ecs.syr.edu /faculty/fawcett/handouts/CSE687/code/Parser/RecursiveScanner RecursiveScanner.vcproj.COLUMBIA.Administrator.user
2006.02.06 10:37 B C:\SU\CSE687\Code\Parser\RecursiveScanner\WS_FTP.LOG --> ftp.ecs.syr.edu /faculty/fawcett/handouts/CSE687/code/Parser/RecursiveScanner WS_FTP.LOG
2006.02.06 10:47 B C:\SU\CSE687\Code\Parser\RecursiveScanner\CoverSheet.doc --> ftp.ecs.syr.edu /faculty/fawcett/handouts/CSE687/code/Project1HelpS06/RecursiveScanner CoverSheet.doc
2006.02.06 10:47 B C:\SU\CSE687\Code\Parser\RecursiveScanner\RecScan.doc --> ftp.ecs.syr.edu /faculty/fawcett/handouts/CSE687/code/Project1HelpS06/RecursiveScanner RecScan.doc
2006.02.06 10:47 B C:\SU\CSE687\Code\Parser\RecursiveScanner\RecursiveScanner.vcproj --> ftp.ecs.syr.edu /faculty/fawcett/handouts/CSE687/code/Project1HelpS06/RecursiveScanner RecursiveScanner.vcproj
2006.02.06 10:47 B C:\SU\CSE687\Code\Parser\RecursiveScanner\RecursiveScanner.vcproj.COLUMBIA.Administrator.user --> ftp.ecs.syr.edu /faculty/fawcett/handouts/CSE687/code/Project1HelpS06/RecursiveScanner RecursiveScanner.vcproj.COLUMBIA.Administrator.user
2006.02.06 10:47 B C:\SU\CSE687\Code\Parser\RecursiveScanner\WS_FTP.LOG --> ftp.ecs.syr.edu /faculty/fawcett/handouts/CSE687/code/Project1HelpS06/RecursiveScanner WS_FTP.LOG
2006.02.10 04:23 B C:\SU\CSE687\Code\Parser\RecursiveScanner\RecursiveScanner.vcproj.COLUMBIA.Administrator.user --> ftp.ecs.syr.edu /faculty/fawcett/handouts/CSE687/code/Parser/RecursiveScanner RecursiveScanner.vcproj.COLUMBIA.Administrator.user
2006.02.10 04:23 B C:\SU\CSE687\Code\Parser\RecursiveScanner\WS_FTP.LOG --> ftp.ecs.syr.edu /faculty/fawcett/handouts/CSE687/code/Parser/RecursiveScanner WS_FTP.LOG
2006.02.10 04:36 B C:\SU\CSE687\Code\Parser\RecursiveScanner\RecursiveScanner.vcproj.COLUMBIA.Administrator.user --> ftp.ecs.syr.edu /faculty/fawcett/handouts/CSE687/code/Project1HelpS06/RecursiveScanner RecursiveScanner.vcproj.COLUMBIA.Administrator.user
2006.02.10 04:36 B C:\SU\CSE687\Code\Parser\RecursiveScanner\WS_FTP.LOG --> ftp.ecs.syr.edu /faculty/fawcett/handouts/CSE687/code/Project1HelpS06/RecursiveScanner WS_FTP.LOG
2006.02.26 20:54 B C:\SU\CSE687\Code\Parser\RecursiveScanner\RecursiveScanner.vcproj.COLUMBIA.Administrator.user --> ftp.ecs.syr.edu /faculty/fawcett/handouts/CSE687/code/Parser/RecursiveScanner RecursiveScanner.vcproj.COLUMBIA.Administrator.user
2006.02.26 20:54 B C:\SU\CSE687\Code\Parser\RecursiveScanner\WS_FTP.LOG --> ftp.ecs.syr.edu /faculty/fawcett/handouts/CSE687/code/Parser/RecursiveScanner WS_FTP.LOG
2006.02.28 09:34 B C:\SU\CSE687\Code\Parser\RecursiveScanner\RecursiveScanner.vcproj.COLUMBIA.Administrator.user --> ftp.ecs.syr.edu /faculty/fawcett/handouts/CSE687/code/Parser/RecursiveScanner RecursiveScanner.vcproj.COLUMBIA.Administrator.user
2006.07.02 06:36 B C:\SU\CSE687\Code\Parser\RecursiveScanner\CoverSheet.doc --> ftp.ecs.syr.edu /faculty/fawcett/handouts/CSE776/Presentations/Strategy/Code/Parser/RecursiveScanner CoverSheet.doc
2006.07.02 06:36 B C:\SU\CSE687\Code\Parser\RecursiveScanner\RecScan.doc --> ftp.ecs.syr.edu /faculty/fawcett/handouts/CSE776/Presentations/Strategy/Code/Parser/RecursiveScanner RecScan.doc
2006.07.02 06:36 B C:\SU\CSE687\Code\Parser\RecursiveScanner\RecursiveScanner.vcproj --> ftp.ecs.syr.edu /faculty/fawcett/handouts/CSE776/Presentations/Strategy/Code/Parser/RecursiveScanner RecursiveScanner.vcproj
2006.07.02 06:36 B C:\SU\CSE687\Code\Parser\RecursiveScanner\RecursiveScanner.vcproj.COLUMBIA.Administrator.user --> ftp.ecs.syr.edu /faculty/fawcett/handouts/CSE776/Presentations/Strategy/Code/Parser/RecursiveScanner RecursiveScanner.vcproj.COLUMBIA.Administrator.user
2006.07.02 06:37 B C:\SU\CSE687\Code\Parser\RecursiveScanner\WS_FTP.LOG --> ftp.ecs.syr.edu /faculty/fawcett/handouts/CSE776/Presentations/Strategy/Code/Parser/RecursiveScanner WS_FTP.LOG
2007.02.04 20:50 B C:\SU\CSE687\Code\Parser\RecursiveScanner\RecursiveScanner.vcproj.COLUMBIA.Administrator.user --> ftp.ecs.syr.edu /faculty/fawcett/handouts/CSE687/code/Parser/RecursiveScanner RecursiveScanner.vcproj.COLUMBIA.Administrator.user
2007.02.04 20:50 B C:\SU\CSE687\Code\Parser\RecursiveScanner\WS_FTP.LOG --> ftp.ecs.syr.edu /faculty/fawcett/handouts/CSE687/code/Parser/RecursiveScanner WS_FTP.LOG
2007.02.10 16:19 B C:\SU\CSE687\Code\Parser\RecursiveScanner\RecursiveScanner.vcproj.COLUMBIA.Administrator.user --> ftp.ecs.syr.edu /faculty/fawcett/handouts/CSE687/code/Parser/RecursiveScanner RecursiveScanner.vcproj.COLUMBIA.Administrator.user
