2006.01.15 20:55 B C:\SU\CSE687\Code\Project1HelpS06\Parser\anal.dat --> ftp.ecs.syr.edu /faculty/fawcett/handouts/CSE687/code/Project1HelpS06/Parser anal.dat
2006.01.15 20:55 B C:\SU\CSE687\Code\Project1HelpS06\Parser\compile.bat --> ftp.ecs.syr.edu /faculty/fawcett/handouts/CSE687/code/Project1HelpS06/Parser compile.bat
2006.01.15 20:55 B C:\SU\CSE687\Code\Project1HelpS06\Parser\parser.dat --> ftp.ecs.syr.edu /faculty/fawcett/handouts/CSE687/code/Project1HelpS06/Parser parser.dat
2006.01.15 20:55 B C:\SU\CSE687\Code\Project1HelpS06\Parser\Parser.vcproj --> ftp.ecs.syr.edu /faculty/fawcett/handouts/CSE687/code/Project1HelpS06/Parser Parser.vcproj
2006.01.15 20:55 B C:\SU\CSE687\Code\Project1HelpS06\Parser\Parser.vcproj.COLUMBIA.Administrator.user --> ftp.ecs.syr.edu /faculty/fawcett/handouts/CSE687/code/Project1HelpS06/Parser Parser.vcproj.COLUMBIA.Administrator.user
2006.01.15 20:55 B C:\SU\CSE687\Code\Project1HelpS06\Parser\run.bat --> ftp.ecs.syr.edu /faculty/fawcett/handouts/CSE687/code/Project1HelpS06/Parser run.bat
2006.01.15 20:58 B C:\SU\CSE687\Code\Project1HelpS06\Parser\WS_FTP.LOG --> ftp.ecs.syr.edu /faculty/fawcett/handouts/CSE687/code/Project1HelpS06/Parser WS_FTP.LOG
2006.01.17 21:09 B C:\SU\CSE687\Code\Parser\Parser\anal.dat --> ftp.ecs.syr.edu /faculty/fawcett/handouts/CSE687/code/Parser/Parser anal.dat
2006.01.17 21:09 B C:\SU\CSE687\Code\Parser\Parser\compile.bat --> ftp.ecs.syr.edu /faculty/fawcett/handouts/CSE687/code/Parser/Parser compile.bat
2006.01.17 21:09 B C:\SU\CSE687\Code\Parser\Parser\parser.dat --> ftp.ecs.syr.edu /faculty/fawcett/handouts/CSE687/code/Parser/Parser parser.dat
2006.01.17 21:09 B C:\SU\CSE687\Code\Parser\Parser\Parser.vcproj --> ftp.ecs.syr.edu /faculty/fawcett/handouts/CSE687/code/Parser/Parser Parser.vcproj
2006.01.17 21:09 B C:\SU\CSE687\Code\Parser\Parser\Parser.vcproj.COLUMBIA.Administrator.user --> ftp.ecs.syr.edu /faculty/fawcett/handouts/CSE687/code/Parser/Parser Parser.vcproj.COLUMBIA.Administrator.user
2006.01.17 21:09 B C:\SU\CSE687\Code\Parser\Parser\run.bat --> ftp.ecs.syr.edu /faculty/fawcett/handouts/CSE687/code/Parser/Parser run.bat
2006.01.17 21:09 B C:\SU\CSE687\Code\Parser\Parser\WS_FTP.LOG --> ftp.ecs.syr.edu /faculty/fawcett/handouts/CSE687/code/Parser/Parser WS_FTP.LOG
2006.02.01 08:46 B C:\SU\CSE687\Code\Parser\Parser\anal.dat --> ftp.ecs.syr.edu /faculty/fawcett/handouts/CSE687/code/Parser/Parser anal.dat
2006.02.01 08:46 B C:\SU\CSE687\Code\Parser\Parser\compile.bat --> ftp.ecs.syr.edu /faculty/fawcett/handouts/CSE687/code/Parser/Parser compile.bat
2006.02.01 08:46 B C:\SU\CSE687\Code\Parser\Parser\parser.dat --> ftp.ecs.syr.edu /faculty/fawcett/handouts/CSE687/code/Parser/Parser parser.dat
2006.02.01 08:46 B C:\SU\CSE687\Code\Parser\Parser\Parser.vcproj --> ftp.ecs.syr.edu /faculty/fawcett/handouts/CSE687/code/Parser/Parser Parser.vcproj
2006.02.01 08:46 B C:\SU\CSE687\Code\Parser\Parser\Parser.vcproj.COLUMBIA.Administrator.user --> ftp.ecs.syr.edu /faculty/fawcett/handouts/CSE687/code/Parser/Parser Parser.vcproj.COLUMBIA.Administrator.user
2006.02.01 08:46 B C:\SU\CSE687\Code\Parser\Parser\run.bat --> ftp.ecs.syr.edu /faculty/fawcett/handouts/CSE687/code/Parser/Parser run.bat
2006.02.01 08:46 B C:\SU\CSE687\Code\Parser\Parser\WS_FTP.LOG --> ftp.ecs.syr.edu /faculty/fawcett/handouts/CSE687/code/Parser/Parser WS_FTP.LOG
2006.02.06 10:34 B C:\SU\CSE687\Code\Parser\Parser\Parser.vcproj.COLUMBIA.Administrator.user --> ftp.ecs.syr.edu /faculty/fawcett/handouts/CSE687/code/Parser/Parser Parser.vcproj.COLUMBIA.Administrator.user
2006.02.06 10:37 B C:\SU\CSE687\Code\Parser\Parser\WS_FTP.LOG --> ftp.ecs.syr.edu /faculty/fawcett/handouts/CSE687/code/Parser/Parser WS_FTP.LOG
2006.02.06 10:47 B C:\SU\CSE687\Code\Parser\Parser\Parser.vcproj.COLUMBIA.Administrator.user --> ftp.ecs.syr.edu /faculty/fawcett/handouts/CSE687/code/Project1HelpS06/Parser Parser.vcproj.COLUMBIA.Administrator.user
2006.02.06 10:47 B C:\SU\CSE687\Code\Parser\Parser\WS_FTP.LOG --> ftp.ecs.syr.edu /faculty/fawcett/handouts/CSE687/code/Project1HelpS06/Parser WS_FTP.LOG
2006.02.10 04:23 B C:\SU\CSE687\Code\Parser\Parser\Parser.vcproj.COLUMBIA.Administrator.user --> ftp.ecs.syr.edu /faculty/fawcett/handouts/CSE687/code/Parser/Parser Parser.vcproj.COLUMBIA.Administrator.user
2006.02.10 04:23 B C:\SU\CSE687\Code\Parser\Parser\WS_FTP.LOG --> ftp.ecs.syr.edu /faculty/fawcett/handouts/CSE687/code/Parser/Parser WS_FTP.LOG
2006.02.10 04:36 B C:\SU\CSE687\Code\Parser\Parser\Parser.vcproj.COLUMBIA.Administrator.user --> ftp.ecs.syr.edu /faculty/fawcett/handouts/CSE687/code/Project1HelpS06/Parser Parser.vcproj.COLUMBIA.Administrator.user
2006.02.10 04:36 B C:\SU\CSE687\Code\Parser\Parser\WS_FTP.LOG --> ftp.ecs.syr.edu /faculty/fawcett/handouts/CSE687/code/Project1HelpS06/Parser WS_FTP.LOG
2006.02.26 20:54 B C:\SU\CSE687\Code\Parser\Parser\Parser.vcproj.COLUMBIA.Administrator.user --> ftp.ecs.syr.edu /faculty/fawcett/handouts/CSE687/code/Parser/Parser Parser.vcproj.COLUMBIA.Administrator.user
2006.02.26 20:54 B C:\SU\CSE687\Code\Parser\Parser\WS_FTP.LOG --> ftp.ecs.syr.edu /faculty/fawcett/handouts/CSE687/code/Parser/Parser WS_FTP.LOG
2006.02.28 09:34 B C:\SU\CSE687\Code\Parser\Parser\Parser.vcproj.COLUMBIA.Administrator.user --> ftp.ecs.syr.edu /faculty/fawcett/handouts/CSE687/code/Parser/Parser Parser.vcproj.COLUMBIA.Administrator.user
2006.07.02 06:36 B C:\SU\CSE687\Code\Parser\Parser\anal.dat --> ftp.ecs.syr.edu /faculty/fawcett/handouts/CSE776/Presentations/Strategy/Code/Parser/Parser anal.dat
2006.07.02 06:36 B C:\SU\CSE687\Code\Parser\Parser\compile.bat --> ftp.ecs.syr.edu /faculty/fawcett/handouts/CSE776/Presentations/Strategy/Code/Parser/Parser compile.bat
2006.07.02 06:36 B C:\SU\CSE687\Code\Parser\Parser\parser.dat --> ftp.ecs.syr.edu /faculty/fawcett/handouts/CSE776/Presentations/Strategy/Code/Parser/Parser parser.dat
2006.07.02 06:36 B C:\SU\CSE687\Code\Parser\Parser\Parser.vcproj --> ftp.ecs.syr.edu /faculty/fawcett/handouts/CSE776/Presentations/Strategy/Code/Parser/Parser Parser.vcproj
2006.07.02 06:36 B C:\SU\CSE687\Code\Parser\Parser\Parser.vcproj.COLUMBIA.Administrator.user --> ftp.ecs.syr.edu /faculty/fawcett/handouts/CSE776/Presentations/Strategy/Code/Parser/Parser Parser.vcproj.COLUMBIA.Administrator.user
2006.07.02 06:36 B C:\SU\CSE687\Code\Parser\Parser\run.bat --> ftp.ecs.syr.edu /faculty/fawcett/handouts/CSE776/Presentations/Strategy/Code/Parser/Parser run.bat
2006.07.02 06:36 B C:\SU\CSE687\Code\Parser\Parser\WS_FTP.LOG --> ftp.ecs.syr.edu /faculty/fawcett/handouts/CSE776/Presentations/Strategy/Code/Parser/Parser WS_FTP.LOG
2007.02.04 20:50 B C:\SU\CSE687\Code\Parser\Parser\Parser.vcproj.COLUMBIA.Administrator.user --> ftp.ecs.syr.edu /faculty/fawcett/handouts/CSE687/code/Parser/Parser Parser.vcproj.COLUMBIA.Administrator.user
2007.02.04 20:50 B C:\SU\CSE687\Code\Parser\Parser\WS_FTP.LOG --> ftp.ecs.syr.edu /faculty/fawcett/handouts/CSE687/code/Parser/Parser WS_FTP.LOG
2007.02.10 16:19 B C:\SU\CSE687\Code\Parser\Parser\Parser.vcproj.COLUMBIA.Administrator.user --> ftp.ecs.syr.edu /faculty/fawcett/handouts/CSE687/code/Parser/Parser Parser.vcproj.COLUMBIA.Administrator.user
