2005.03.21 09:56 B C:\SU\CSE687\Code\STL\debug\issue1.ilk --> ftp.ecs.syr.edu /faculty/fawcett/handouts/CSE687/code/STL/debug issue1.ilk
2005.03.21 09:56 B C:\SU\CSE687\Code\STL\debug\issue2.ilk --> ftp.ecs.syr.edu /faculty/fawcett/handouts/CSE687/code/STL/debug issue2.ilk
2005.03.21 09:56 B C:\SU\CSE687\Code\STL\debug\issue3.exe --> ftp.ecs.syr.edu /faculty/fawcett/handouts/CSE687/code/STL/debug issue3.exe
2005.03.21 09:56 B C:\SU\CSE687\Code\STL\debug\issue3.ilk --> ftp.ecs.syr.edu /faculty/fawcett/handouts/CSE687/code/STL/debug issue3.ilk
2005.03.21 09:56 B C:\SU\CSE687\Code\STL\debug\issue3.pdb --> ftp.ecs.syr.edu /faculty/fawcett/handouts/CSE687/code/STL/debug issue3.pdb
2005.03.21 09:56 B C:\SU\CSE687\Code\STL\debug\issue3a.ilk --> ftp.ecs.syr.edu /faculty/fawcett/handouts/CSE687/code/STL/debug issue3a.ilk
2005.03.21 09:56 B C:\SU\CSE687\Code\STL\debug\issue3b.ilk --> ftp.ecs.syr.edu /faculty/fawcett/handouts/CSE687/code/STL/debug issue3b.ilk
2005.03.21 09:56 B C:\SU\CSE687\Code\STL\debug\issue4.ilk --> ftp.ecs.syr.edu /faculty/fawcett/handouts/CSE687/code/STL/debug issue4.ilk
2005.03.21 09:56 B C:\SU\CSE687\Code\STL\debug\issues.exe --> ftp.ecs.syr.edu /faculty/fawcett/handouts/CSE687/code/STL/debug issues.exe
2005.03.21 09:56 B C:\SU\CSE687\Code\STL\debug\issues.ilk --> ftp.ecs.syr.edu /faculty/fawcett/handouts/CSE687/code/STL/debug issues.ilk
2005.03.21 09:56 B C:\SU\CSE687\Code\STL\debug\issues.pdb --> ftp.ecs.syr.edu /faculty/fawcett/handouts/CSE687/code/STL/debug issues.pdb
2005.03.28 08:16 B C:\SU\CSE687\Code\STL\debug\issue1.ilk --> ftp.ecs.syr.edu /faculty/fawcett/handouts/CSE687/code/STL/debug issue1.ilk
2005.03.28 08:16 B C:\SU\CSE687\Code\STL\debug\issue2.ilk --> ftp.ecs.syr.edu /faculty/fawcett/handouts/CSE687/code/STL/debug issue2.ilk
2005.03.28 08:16 B C:\SU\CSE687\Code\STL\debug\issue3a.ilk --> ftp.ecs.syr.edu /faculty/fawcett/handouts/CSE687/code/STL/debug issue3a.ilk
2005.03.28 08:16 B C:\SU\CSE687\Code\STL\debug\issue3b.ilk --> ftp.ecs.syr.edu /faculty/fawcett/handouts/CSE687/code/STL/debug issue3b.ilk
2005.03.28 08:16 B C:\SU\CSE687\Code\STL\debug\issue4.ilk --> ftp.ecs.syr.edu /faculty/fawcett/handouts/CSE687/code/STL/debug issue4.ilk
2005.03.28 08:16 B C:\SU\CSE687\Code\STL\debug\WS_FTP.LOG --> ftp.ecs.syr.edu /faculty/fawcett/handouts/CSE687/code/STL/debug WS_FTP.LOG
2005.03.28 11:39 B C:\SU\CSE687\Code\STL\debug\issue1.ilk --> ftp.ecs.syr.edu /faculty/fawcett/handouts/CSE687/code/STL/debug issue1.ilk
2005.03.28 11:39 B C:\SU\CSE687\Code\STL\debug\issue2.ilk --> ftp.ecs.syr.edu /faculty/fawcett/handouts/CSE687/code/STL/debug issue2.ilk
2005.03.28 11:39 B C:\SU\CSE687\Code\STL\debug\issue3a.ilk --> ftp.ecs.syr.edu /faculty/fawcett/handouts/CSE687/code/STL/debug issue3a.ilk
2005.03.28 11:39 B C:\SU\CSE687\Code\STL\debug\issue3b.ilk --> ftp.ecs.syr.edu /faculty/fawcett/handouts/CSE687/code/STL/debug issue3b.ilk
2005.03.28 11:39 B C:\SU\CSE687\Code\STL\debug\issue4.ilk --> ftp.ecs.syr.edu /faculty/fawcett/handouts/CSE687/code/STL/debug issue4.ilk
2005.03.28 11:39 B C:\SU\CSE687\Code\STL\debug\WS_FTP.LOG --> ftp.ecs.syr.edu /faculty/fawcett/handouts/CSE687/code/STL/debug WS_FTP.LOG
2005.03.30 11:46 B C:\SU\CSE687\Code\STL\debug\foreach.ilk --> ftp.ecs.syr.edu /faculty/fawcett/handouts/CSE687/code/STL/debug foreach.ilk
2005.03.30 11:46 B C:\SU\CSE687\Code\STL\debug\intersection.ilk --> ftp.ecs.syr.edu /faculty/fawcett/handouts/CSE687/code/STL/debug intersection.ilk
2005.03.30 11:46 B C:\SU\CSE687\Code\STL\debug\issue1.ilk --> ftp.ecs.syr.edu /faculty/fawcett/handouts/CSE687/code/STL/debug issue1.ilk
2005.03.30 11:46 B C:\SU\CSE687\Code\STL\debug\issue2.ilk --> ftp.ecs.syr.edu /faculty/fawcett/handouts/CSE687/code/STL/debug issue2.ilk
2005.03.30 11:46 B C:\SU\CSE687\Code\STL\debug\issue3a.ilk --> ftp.ecs.syr.edu /faculty/fawcett/handouts/CSE687/code/STL/debug issue3a.ilk
2005.03.30 11:46 B C:\SU\CSE687\Code\STL\debug\issue3b.ilk --> ftp.ecs.syr.edu /faculty/fawcett/handouts/CSE687/code/STL/debug issue3b.ilk
2005.03.30 11:46 B C:\SU\CSE687\Code\STL\debug\issue4.ilk --> ftp.ecs.syr.edu /faculty/fawcett/handouts/CSE687/code/STL/debug issue4.ilk
2005.03.30 11:46 B C:\SU\CSE687\Code\STL\debug\WS_FTP.LOG --> ftp.ecs.syr.edu /faculty/fawcett/handouts/CSE687/code/STL/debug WS_FTP.LOG
2006.03.29 05:55 B C:\SU\CSE687\Code\STL\debug\intersection.exe --> ftp.ecs.syr.edu /faculty/fawcett/handouts/CSE687/code/STL/debug intersection.exe
2006.03.29 05:55 B C:\SU\CSE687\Code\STL\debug\foreach.exe --> ftp.ecs.syr.edu /faculty/fawcett/handouts/CSE687/code/STL/debug foreach.exe
2006.03.29 05:56 B C:\SU\CSE687\Code\STL\debug\issue1.exe --> ftp.ecs.syr.edu /faculty/fawcett/handouts/CSE687/code/STL/debug issue1.exe
2006.03.29 05:56 B C:\SU\CSE687\Code\STL\debug\WS_FTP.LOG --> ftp.ecs.syr.edu /faculty/fawcett/handouts/CSE687/code/STL/debug WS_FTP.LOG
2006.03.29 05:56 B C:\SU\CSE687\Code\STL\debug\issue3.exe --> ftp.ecs.syr.edu /faculty/fawcett/handouts/CSE687/code/STL/debug issue3.exe
2006.03.29 05:56 B C:\SU\CSE687\Code\STL\debug\issues.exe --> ftp.ecs.syr.edu /faculty/fawcett/handouts/CSE687/code/STL/debug issues.exe
2007.04.03 18:21 B C:\SU\CSE687\Code\STL\debug\CopyAndAssign.ilk --> ftp.ecs.syr.edu /faculty/fawcett/handouts/CSE687/code/STL/debug CopyAndAssign.ilk
2007.04.03 18:21 B C:\SU\CSE687\Code\STL\debug\intersection.ilk --> ftp.ecs.syr.edu /faculty/fawcett/handouts/CSE687/code/STL/debug intersection.ilk
