Build started 1/25/2011 8:08:02 AM.
     1>Project "C:\Users\Ider\Project\Project1HelpSp11\ScopeAnalysis\ScopeAnalysis.vcxproj" on node 2 (build target(s)).
     1>InitializeBuildStatus:
         Creating "Debug\ScopeAnalysis.unsuccessfulbuild" because "AlwaysCreate" was specified.
       ClCompile:
         C:\Program Files (Ider)\Microsoft Visual Studio 10.0\VC\bin\CL.exe /c /ZI /nologo /W3 /WX- /Od /Oy- /D WIN32 /D _DEBUG /D _CONSOLE /D _UNICODE /D UNICODE /Gm /EHsc /RTC1 /MDd /GS /fp:precise /Zc:wchar_t /Zc:forScope /Fo"Debug\\" /Fd"Debug\vc100.pdb" /Gd /TP /analyze- /errorReport:prompt ..\ScopeAnalysisDemo.cpp ..\SemiExpression.cpp ..\Tokenizer.cpp
         Tokenizer.cpp
         SemiExpression.cpp
         ScopeAnalysisDemo.cpp
         Generating Code...
       ManifestResourceCompile:
         C:\Program Files (x86)\Microsoft SDKs\Windows\v7.0A\bin\rc.exe /nologo /fo"Debug\ScopeAnalysis.exe.embed.manifest.res" Debug\ScopeAnalysis_manifest.rc 
       Link:
         C:\Program Files (Ider)\Microsoft Visual Studio 10.0\VC\bin\link.exe /ERRORREPORT:PROMPT /OUT:"C:\Users\Ider\Project\Project1HelpSp11\Debug\ScopeAnalysis.exe" /INCREMENTAL /NOLOGO kernel32.lib user32.lib gdi32.lib winspool.lib comdlg32.lib advapi32.lib shell32.lib ole32.lib oleaut32.lib uuid.lib odbc32.lib odbccp32.lib /MANIFEST /ManifestFile:"Debug\ScopeAnalysis.exe.intermediate.manifest" /MANIFESTUAC:"level='asInvoker' uiAccess='false'" /DEBUG /PDB:"C:\Users\Ider\Project\Project1HelpSp11\Debug\ScopeAnalysis.pdb" /SUBSYSTEM:CONSOLE /TLBID:1 /DYNAMICBASE /NXCOMPAT /IMPLIB:"C:\Users\Ider\Project\Project1HelpSp11\Debug\ScopeAnalysis.lib" /MACHINE:X86 Debug\ScopeAnalysis.exe.embed.manifest.res
         Debug\ScopeAnalysisDemo.obj
         Debug\SemiExpression.obj
         Debug\Tokenizer.obj
         LINK : C:\Users\Ider\Project\Project1HelpSp11\Debug\ScopeAnalysis.exe not found or not built by the last incremental link; performing full link
       Manifest:
         C:\Program Files (x86)\Microsoft SDKs\Windows\v7.0A\bin\mt.exe /nologo /verbose /out:"Debug\ScopeAnalysis.exe.embed.manifest" /manifest Debug\ScopeAnalysis.exe.intermediate.manifest
         C:\Program Files (x86)\Microsoft SDKs\Windows\v7.0A\bin\rc.exe /nologo /fo"Debug\ScopeAnalysis.exe.embed.manifest.res" Debug\ScopeAnalysis_manifest.rc 
       LinkEmbedManifest:
         C:\Program Files (Ider)\Microsoft Visual Studio 10.0\VC\bin\link.exe /ERRORREPORT:PROMPT /OUT:"C:\Users\Ider\Project\Project1HelpSp11\Debug\ScopeAnalysis.exe" /INCREMENTAL /NOLOGO kernel32.lib user32.lib gdi32.lib winspool.lib comdlg32.lib advapi32.lib shell32.lib ole32.lib oleaut32.lib uuid.lib odbc32.lib odbccp32.lib /MANIFEST /ManifestFile:"Debug\ScopeAnalysis.exe.intermediate.manifest" /MANIFESTUAC:"level='asInvoker' uiAccess='false'" /DEBUG /PDB:"C:\Users\Ider\Project\Project1HelpSp11\Debug\ScopeAnalysis.pdb" /SUBSYSTEM:CONSOLE /TLBID:1 /DYNAMICBASE /NXCOMPAT /IMPLIB:"C:\Users\Ider\Project\Project1HelpSp11\Debug\ScopeAnalysis.lib" /MACHINE:X86 Debug\ScopeAnalysis.exe.embed.manifest.res
         Debug\ScopeAnalysisDemo.obj
         Debug\SemiExpression.obj
         Debug\Tokenizer.obj
         ScopeAnalysis.vcxproj -> C:\Users\Ider\Project\Project1HelpSp11\Debug\ScopeAnalysis.exe
       FinalizeBuildStatus:
         Deleting file "Debug\ScopeAnalysis.unsuccessfulbuild".
         Touching "Debug\ScopeAnalysis.lastbuildstate".
     1>Done Building Project "C:\Users\Ider\Project\Project1HelpSp11\ScopeAnalysis\ScopeAnalysis.vcxproj" (build target(s)).

Build succeeded.

Time Elapsed 00:00:15.98
