C:\SU\CSE687\CODE\PROJECT1HELPSP11\DEBUG\SEMIEXPRESSION.EXE
C:\SU\CSE687\CODE\PROJECT1HELPSP11\DEBUG\SEMIEXPRESSION.ILK
C:\SU\CSE687\CODE\PROJECT1HELPSP11\DEBUG\SEMIEXPRESSION.PDB
C:\su\CSE687\code\Project1HelpSp11\SemiExpression\Debug\cl.command.1.tlog
C:\su\CSE687\code\Project1HelpSp11\SemiExpression\Debug\CL.read.1.tlog
C:\su\CSE687\code\Project1HelpSp11\SemiExpression\Debug\CL.write.1.tlog
C:\su\CSE687\code\Project1HelpSp11\SemiExpression\Debug\link.10692.read.1.tlog
C:\su\CSE687\code\Project1HelpSp11\SemiExpression\Debug\link.10692.write.1.tlog
C:\su\CSE687\code\Project1HelpSp11\SemiExpression\Debug\link.10692-cvtres.read.1.tlog
C:\su\CSE687\code\Project1HelpSp11\SemiExpression\Debug\link.10692-cvtres.write.1.tlog
C:\su\CSE687\code\Project1HelpSp11\SemiExpression\Debug\link.command.1.tlog
C:\su\CSE687\code\Project1HelpSp11\SemiExpression\Debug\link.read.1.tlog
C:\su\CSE687\code\Project1HelpSp11\SemiExpression\Debug\link.write.1.tlog
C:\su\CSE687\code\Project1HelpSp11\SemiExpression\Debug\link-cvtres.read.1.tlog
C:\su\CSE687\code\Project1HelpSp11\SemiExpression\Debug\link-cvtres.write.1.tlog
C:\su\CSE687\code\Project1HelpSp11\SemiExpression\Debug\mt.command.1.tlog
C:\su\CSE687\code\Project1HelpSp11\SemiExpression\Debug\mt.read.1.tlog
C:\su\CSE687\code\Project1HelpSp11\SemiExpression\Debug\mt.write.1.tlog
C:\su\CSE687\code\Project1HelpSp11\SemiExpression\Debug\rc.command.1.tlog
C:\su\CSE687\code\Project1HelpSp11\SemiExpression\Debug\rc.read.1.tlog
C:\su\CSE687\code\Project1HelpSp11\SemiExpression\Debug\rc.write.1.tlog
C:\SU\CSE687\CODE\PROJECT1HELPSP11\SEMIEXPRESSION\DEBUG\SEMIEXPRESSION.EXE.EMBED.MANIFEST
C:\SU\CSE687\CODE\PROJECT1HELPSP11\SEMIEXPRESSION\DEBUG\SEMIEXPRESSION.EXE.EMBED.MANIFEST.RES
C:\SU\CSE687\CODE\PROJECT1HELPSP11\SEMIEXPRESSION\DEBUG\SEMIEXPRESSION.EXE.INTERMEDIATE.MANIFEST
C:\SU\CSE687\CODE\PROJECT1HELPSP11\SEMIEXPRESSION\DEBUG\SEMIEXPRESSION.OBJ
C:\su\CSE687\code\Project1HelpSp11\SemiExpression\Debug\SemiExpression_manifest.rc
C:\SU\CSE687\CODE\PROJECT1HELPSP11\SEMIEXPRESSION\DEBUG\TOKENIZER.OBJ
C:\su\CSE687\code\Project1HelpSp11\SemiExpression\Debug\vc100.idb
C:\SU\CSE687\CODE\PROJECT1HELPSP11\SEMIEXPRESSION\DEBUG\VC100.PDB
